WAVE algorithm
2000
50.3352 11.0221 0
50.4312 10.3616 1
50.3093 10.9336 2
50.0297 11.1458 3
50.2672 9.67256 4
50.0824 9.57396 5
50.0869 10.7342 6
50.3464 7.73086 7
50.2353 11.4215 8
50.2551 10.6493 9
50.1421 10.2947 10
50.0414 8.93836 11
50.6877 9.49376 12
50.2239 11.107 13
50.1815 12.3597 14
49.9884 10.4992 15
50.1561 9.19626 16
50.0022 10.6246 17
50.3408 10.0337 18
50.1405 12.0061 19
50.4512 9.96916 20
50.2528 10.2999 21
50.3953 10.4533 22
50.2347 10.6784 23
50.2299 9.92516 24
50.4325 9.18096 25
50.2129 10.2377 26
50.4226 10.6988 27
49.9433 9.71016 28
49.8836 11.1834 29
50.0232 10.1581 30
50.1932 10.7693 31
50.3094 10.5285 32
50.2609 11.8337 33
50.1317 8.98086 34
50.5051 9.20296 35
50.2284 10.5441 36
50.4719 11.0901 37
50.1762 9.46526 38
49.8764 10.8687 39
50.1136 9.81606 40
50.0297 10.2465 41
49.9746 10.5184 42
50.5136 10.5732 43
50.2514 10.6927 44
49.9924 10.8485 45
50.2349 10.3374 46
50.5068 10.3874 47
50.4911 11.0667 48
50.2536 10.5892 49
50.4382 9.91456 50
50.1804 11.1012 51
50.3513 10.932 52
50.3339 11.0711 53
50.0495 10.5415 54
50.3966 11.5357 55
50.1832 10.1964 56
50.0499 11.1205 57
50.0181 10.2189 58
50.2533 11.0393 59
50.2288 11.5672 60
50.2495 10.7629 61
50.065 9.75276 62
50.5376 9.75866 63
50.28 10.8889 64
50.1345 10.536 65
50.3678 11.1506 66
50.2384 12.7209 67
50.2388 10.7881 68
50.3741 10.3613 69
50.2402 10.6022 70
50.1813 10.5503 71
49.8208 11.5657 72
50.1561 9.16266 73
50.2412 11.4761 74
50.2389 11.3627 75
50.3822 11.3572 76
50.3386 10.2588 77
50.3006 9.19416 78
50.3608 11.458 79
50.121 11.0977 80
50.0051 10.6235 17
49.8396 10.5659 81
50.2268 11.7447 82
50.3688 10.8935 83
50.2844 10.4521 84
50.1838 8.81866 85
50.0921 10.9276 86
50.14 10.4692 87
50.1684 11.2931 88
50.0824 10.8935 89
50.1062 9.92706 90
50.1416 9.65266 91
50.1336 9.28176 92
50.1734 11.3956 93
50.0188 9.45866 94
50.2652 11.5321 95
50.5809 11.4934 96
50.2043 10.1984 97
50.5209 11.5215 98
50.0751 10.1788 99
50.4966 8.70626 100
50.283 11.2325 101
50.4336 10.3847 102
50.3276 9.71626 103
50.1941 11.7625 104
50.4611 10.9253 105
50.2956 11.0874 106
50.0033 10.0595 107
50.2245 11.1081 13
50.1369 10.3222 108
50.4045 11.4798 109
50.2541 10.9628 110
50.1531 10.754 111
49.936 8.83476 112
50.452 11.7867 113
49.8789 11.3544 114
50.0938 10.0291 115
50.0757 10.0083 116
50.2697 9.57636 117
50.0508 10.6735 118
50.1056 11.5942 119
50.4555 9.15966 120
50.2061 11.1396 121
49.9015 10.9799 122
50.2991 11.7068 123
50.2905 10.8669 124
50.0158 10.5701 125
50.0502 11.0206 126
50.0457 10.786 127
50.1933 11.3708 128
50.2287 11.0238 129
49.967 10.8513 130
50.1565 10.053 131
50.5038 10.2974 132
50.0692 11.6565 133
50.0441 10.2412 134
50.004 11.8542 135
49.9987 10.8302 136
49.8767 11.001 137
50.1136 10.2731 138
50.2041 10.0957 139
50.6088 11.5025 140
50.2225 10.5399 36
49.8134 10.4145 141
50.3582 9.44026 142
49.87 10.5975 143
50.1986 11.1493 144
50.1055 11.7171 145
50.3116 11.4625 146
50.1881 12.4137 147
50.339 10.683 148
50.2869 12.1698 149
49.9185 9.69306 150
49.9577 11.695 151
50.1032 10.5742 152
50.2018 11.8864 153
50.4377 11.5443 154
50.3497 10.5104 155
50.123 10.6204 156
50.4941 11.5027 157
50.4593 9.32906 158
50.0946 11.5679 159
50.1151 9.70176 160
50.3082 10.117 161
49.8179 10.7698 162
49.6916 12.2736 163
49.9373 11.1222 164
50.391 8.33186 165
50.4167 8.48856 166
50.3616 9.90706 167
50.3708 10.6618 168
50.1726 10.205 169
50.3224 10.6205 170
50.1072 7.95876 171
50.1416 10.4817 172
50.1752 10.5132 173
50.0347 9.07516 174
50.2521 10.4731 175
50.3046 10.3785 176
50.1491 10.173 177
50.3573 10.5329 178
50.1164 11.4756 179
50.1941 10.9339 180
49.9852 11.4063 181
50.1987 10.1089 182
50.4267 9.38466 183
50.2069 10.9173 184
50.2322 8.57746 185
50.1449 10.1364 186
50.2584 10.873 187
50.3262 9.96846 188
50.4998 12.2237 189
50.1215 10.7862 190
50.3938 9.55726 191
50.1255 9.60826 192
50.3567 12.278 193
50.2712 8.88136 194
50.3108 11.2548 195
50.2558 10.2807 196
49.9274 10.6326 197
50.2862 10.85 198
50.5437 11.4062 199
50.4738 10.1634 200
50.0696 10.0794 201
50.2449 11.1997 202
50.0798 10.2596 203
50.1943 11.2336 204
50.2515 10.0958 205
49.9761 9.15756 206
50.2289 9.71376 207
50.3061 9.89816 208
49.9042 9.47776 209
50.0127 10.4367 210
50.2442 13.1815 211
50.3232 11.089 212
50.0841 12.2466 213
50.1967 10.6918 214
49.8877 8.59886 215
50.065 10.0022 216
50.0785 10.4908 217
50.0385 13.6738 218
50.4286 10.3928 102
50.2327 9.32426 219
50.3608 10.2818 220
50.4536 10.1752 221
50.5768 10.9611 222
50.313 10.596 223
50.2316 9.37526 224
50.241 10.2325 225
50.0699 11.7846 226
50.1543 10.8382 227
50.4532 8.81586 228
50.2502 10.207 229
50.2294 10.6431 230
49.9972 10.6671 231
50.2907 10.7315 232
50.0672 8.34346 233
50.1271 11.3392 234
50.1013 12.008 235
49.9839 10.4757 236
50.3397 10.0633 237
49.9574 11.2677 238
50.2591 10.3999 239
49.9372 11.8394 240
50.4659 11.9242 241
50.0529 10.3774 242
50.0355 11.6255 243
50.1081 11.2725 244
49.9937 10.9794 245
50.6271 11.6781 246
50.2572 9.81406 247
50.2043 11.2976 248
50.324 9.38566 249
50.2914 11.1367 250
50.2258 10.4751 251
50.3645 10.1499 252
50.2734 9.77796 253
50.1287 10.8479 254
49.9063 10.4364 255
50.0316 10.0368 256
50.1542 10.1544 257
50.1862 11.3546 258
50.2448 12.1226 259
50.099 11.1396 260
50.171 12.1689 261
50.2095 11.2456 262
49.9937 10.8634 263
50.2289 10.2168 264
50.1682 10.9107 265
50.1178 9.48366 266
50.1242 10.4461 267
50.2775 10.0866 268
50.2937 10.2326 269
50.3045 11.4747 270
49.9211 10.6593 271
50.5074 9.43606 272
50.4114 11.259 273
50.1839 10.3261 274
50.5694 10.6543 275
50.27 11.5695 276
50.2679 10.1709 277
50.154 10.3078 278
50.1825 10.5539 71
50.0764 10.106 279
50.567 9.54966 280
50.1459 10.4806 172
50.0595 9.18516 281
50.2144 10.27 282
50.1293 10.2719 283
50.2802 9.38166 284
50.2576 9.25656 285
49.9444 10.3047 286
50.3247 9.97276 188
50.2151 11.085 287
50.4763 10.4215 288
50.3411 10.815 289
50.3882 10.554 290
49.9536 11.3403 291
50.4466 9.24036 292
50.3309 12.5576 293
49.8693 12.3321 294
50.1494 8.35706 295
50.3919 11.5676 296
50.2844 10.4486 84
50.0781 9.23456 297
50.4244 11.4692 298
49.9968 11.198 299
50.1866 10.3296 274
50.1701 11.5019 300
50.0649 10.3978 301
50.1727 10.5032 173
50.2445 10.6153 302
50.2184 9.05656 303
50.3257 9.98766 304
50.3499 10.8639 305
50.2669 9.90536 306
50.4304 9.94066 307
50.4089 7.87996 308
49.9744 8.98246 309
50.1227 11.6827 310
50.2354 9.18186 311
50.4386 7.49576 312
50.4378 10.8323 313
50.1144 9.23346 314
50.1422 9.52146 315
50.1711 11.5739 316
50.2799 9.03046 317
50.0869 9.96176 318
50.0571 11.0008 319
50.5374 12.3211 320
49.9449 11.024 321
50.3487 8.37376 322
50.423 11.5773 323
50.2258 9.57116 324
50.1049 10.8135 325
50.4297 10.5827 326
50.1294 11.0616 327
50.0924 9.76596 328
50.298 9.54766 329
50.0318 8.52686 330
50.3147 7.55846 331
50.3061 11.4132 332
50.2707 11.1282 333
50.1759 11.2811 334
50.543 9.97256 335
50.2764 9.48156 336
50.3053 11.8376 337
50.0995 11.3912 338
50.1175 11.639 339
50.2008 9.61786 340
50.2595 10.6482 9
50.1334 11.0667 327
50.4616 10.7176 341
50.06 12.17 342
50.4021 10.9525 343
49.9634 9.96366 344
50.0831 10.6661 345
49.9444 10.2305 346
50.1831 10.15 347
50.3965 9.88206 348
49.9143 10.4596 349
50.1671 10.1054 350
49.9342 10.2697 351
50.2738 10.9701 352
50.4141 10.6916 353
50.0038 12.0513 354
50.5321 10.9806 355
50.0373 10.4326 356
49.9945 10.1049 357
50.477 11.0131 358
50.3482 9.84966 359
50.0672 11.4002 360
50.3309 9.59996 361
50.1264 10.4366 267
50.3841 10.4888 362
50.2287 10.1365 363
50.3245 11.2184 364
50.6425 11.0718 365
50.1349 10.3242 108
50.2383 10.0165 366
50.1681 10.626 367
50.0808 12.2977 368
50.17 11.6203 369
50.213 9.48346 370
50.2228 11.617 371
50.2364 10.0481 372
50.465 9.69496 373
50.4419 9.09956 374
50.2542 12.2256 375
50.1659 10.5343 376
50.2163 11.2479 262
50.2618 11.6346 377
50.3064 10.3444 378
50.0932 10.5345 379
50.0182 10.2186 58
50.3288 9.40966 380
50.1935 9.62196 340
49.9853 11.5261 381
50.3081 9.10666 382
50.2628 9.36866 383
50.0508 11.439 384
50.2592 9.80816 247
50.023 9.54376 385
49.9772 9.58426 386
50.0583 10.9015 387
50.2224 9.32766 388
49.9219 9.38726 389
50.1016 10.9638 390
50.3804 11.3929 391
50.602 11.0541 392
50.0473 10.3669 393
50.3696 10.7496 394
50.1089 9.83256 395
50.1965 10.5694 396
50.2648 9.64106 397
50.1502 8.19826 398
50.1514 10.3383 399
50.3441 10.6236 400
50.2301 11.7003 401
50.2571 10.5748 402
50.4284 9.58056 403
50.2472 10.2062 229
50.2921 10.7203 404
50.3946 9.94176 405
50.0898 9.79536 406
50.0056 8.68306 407
50.0758 10.3977 301
50.5029 9.03876 408
50.3006 10.987 409
50.3161 10.3779 410
50.1873 12.1791 411
50.2881 10.4794 412
50.1827 9.64496 413
50.374 9.45886 414
50.3466 8.57426 415
50.1492 10.053 131
50.213 10.5369 36
50.0221 9.39686 416
50.2195 10.5531 417
50.242 11.4258 8
50.0547 11.024 126
49.9577 10.7892 418
50.0623 11.5962 419
50.1305 8.79576 420
50.3732 11.4975 421
50.171 10.1192 422
50.3697 11.3952 423
50.2382 11.667 424
50.0905 9.47336 425
50.187 9.68436 426
50.322 10.8485 427
50.1445 9.35256 428
49.9042 9.93326 429
49.8634 12.1357 430
50.2023 10.1246 431
49.9525 11.1084 432
50.4974 12.0171 433
50.0502 11.6438 434
50.0436 11.6181 243
50.0017 10.543 435
50.1795 10.8906 436
50.5809 10.4247 437
50.1413 11.2685 438
50.3711 11.7088 439
50.2358 12.1429 440
50.2544 8.35236 441
50.1895 11.9632 442
50.058 10.2691 443
50.2788 11.1832 444
50.3278 9.46626 445
50.3713 10.1258 446
50.3404 12.807 447
50.1174 11.5887 448
50.0911 10.6877 449
50.3943 10.2466 450
50.2431 10.6331 451
50.0447 11.6267 243
49.8569 9.22266 452
50.3917 10.7261 453
50.4287 10.5613 454
50.0636 9.57926 455
50.4689 10.6859 456
50.5183 10.8828 457
49.9718 10.4828 458
49.8754 10.8978 459
49.9426 10.1029 460
50.1465 11.1944 461
50.4779 10.428 288
49.9178 9.31246 462
50.17 11.523 463
50.1179 11.1414 464
50.3249 11.1362 465
50.6113 9.51446 466
50.2502 10.6542 9
50.5979 9.09376 467
50.194 9.12216 468
50.299 10.3672 469
50.2446 9.57886 470
50.4547 9.24826 471
50.2695 8.70906 472
50.347 10.4937 473
49.9109 10.5647 474
50.197 8.61296 475
50.1107 10.3524 476
50.3176 8.98226 477
50.1812 11.3945 93
50.2859 10.4104 478
50.1783 9.19866 479
50.1002 10.2706 480
49.8567 11.2172 481
49.6586 11.1382 482
50.5826 10.2253 483
50.5338 10.9791 355
50.4613 11.0527 484
50.586 11.1824 485
50.2519 10.6394 451
50.3182 10.3307 486
50.2866 9.78106 487
50.1933 10.0943 488
50.3619 9.31926 489
50.1909 9.93816 490
50.231 11.0706 491
50.2682 9.87166 492
50.3016 9.92236 493
50.525 9.85436 494
50.5426 12.4807 495
50.5159 10.7772 496
50.5799 10.5804 497
50.0941 11.8308 498
50.151 9.94116 499
49.9524 10.8614 500
50.1764 10.4382 501
50.1346 10.6766 502
50.0611 10.0392 503
49.9004 9.35636 504
49.956 10.9835 505
50.0881 11.0226 506
50.2885 10.2281 269
50.274 10.5035 507
50.4431 10.144 508
50.2301 10.9855 509
50.266 10.7605 510
49.9982 11.3829 511
50.2893 10.9058 512
50.2981 11.7638 513
50.2078 9.74376 514
50.6718 10.6187 515
49.9732 10.7257 516
50.0655 7.54066 517
50.3336 9.17576 518
49.9386 10.1301 519
49.9612 10.8541 130
50.1589 11.0261 520
50.5172 9.58596 521
50.1189 8.54716 522
50.3649 8.65946 523
50.1862 10.4867 524
50.2615 9.75196 525
50.3022 9.09746 526
50.2172 9.23456 527
50.066 10.2763 528
50.1202 11.8365 529
49.9312 9.97936 530
50.0982 10.8145 325
50.3252 11.2025 531
50.3784 11.4754 532
50.2073 11.6517 533
50.1212 11.912 534
49.7908 12.069 535
50.3702 11.4306 536
49.834 9.82316 537
50.2878 10.3229 538
50.2448 9.05096 539
50.5107 12.9635 540
49.8927 11.175 541
50.2086 10.1532 542
49.8772 11.3777 543
50.1465 9.08126 544
50.1629 9.70526 545
50.2554 11.3653 546
50.1609 8.91516 547
50.4401 9.52406 548
50.31 10.7531 549
50.4802 9.57876 550
50.2386 10.6526 551
50.5786 12.5311 552
50.6196 9.91396 553
50.5069 10.129 554
49.7873 9.39736 555
50.1516 11.0136 556
50.3978 13.0081 557
49.98 9.63436 558
50.3972 10.8179 559
50.3699 10.6264 560
50.2002 10.2971 561
50.2357 8.88876 562
49.8429 9.68476 563
50.0945 11.3635 564
50.3812 8.62686 565
50.1733 10.5311 376
50.2866 8.21436 566
50.3802 10.2809 567
50.0933 10.7594 568
49.8184 10.9015 569
50.1824 11.3475 258
50.4277 9.42336 570
50.1789 9.71476 571
50.2071 10.2498 572
50.0833 11.2425 573
49.8644 10.4768 574
50.0175 10.8104 575
50.2987 11.0831 106
50.2248 11.2473 262
50.2923 10.0765 576
50.1298 12.6001 577
50.3395 10.3046 578
50.2869 10.8446 198
50.0601 9.82056 579
50.537 10.4851 580
50.2121 9.91326 581
50.4348 9.52116 548
50.0834 9.10766 582
50.2986 10.2274 269
50.1887 12.0052 583
49.8402 12.0754 584
50.3493 10.9526 585
50.3793 9.63176 586
50.1615 8.23196 587
49.9013 9.45296 588
50.2094 10.7326 589
50.0207 9.54516 385
50.1825 11.2656 590
50.1623 10.9096 265
50.3145 10.0763 591
50.0492 10.0297 592
50.1215 9.99396 593
50.1437 11.9209 594
50.2849 9.24846 595
50.1665 11.1195 596
50.1967 9.51216 597
50.0758 10.119 598
50.1042 10.4013 599
50.239 9.08556 600
50.3413 9.69616 601
50.0318 11.2641 602
50.3208 8.30676 603
50.4448 10.285 604
49.9462 9.91696 605
50.0445 11.5411 606
50.1681 10.162 607
50.1946 10.709 608
50.0761 11.9722 609
50.2358 8.56666 610
50.0872 9.35016 611
50.3191 11.7121 612
49.7761 10.2444 613
50.0633 11.1497 614
50.0216 10.675 615
50.0236 10.8473 616
50.1767 9.98866 617
50.4392 9.06106 618
50.1812 11.5823 619
50.6429 9.23866 620
50.3433 10.5573 621
50.4948 11.0123 622
50.2455 11.4581 623
49.8811 9.67776 624
50.1286 10.4769 625
50.2145 10.6299 626
50.0017 11.1041 627
50.2209 10.281 628
50.1907 10.9567 629
50.3351 11.8467 630
50.1224 11.0511 631
50.2192 10.2049 632
49.9367 10.523 633
50.1406 11.0596 634
50.3883 10.8363 635
50.007 10.873 636
50.3209 11.4354 637
50.6467 9.55856 638
50.1726 8.35566 639
50.1733 10.7206 640
50.4099 10.5211 641
50.4276 10.0412 642
50.2179 11.5329 643
50.3504 11.1785 644
50.245 11.4904 645
50.3481 10.0517 646
49.9319 10.6142 647
50.0612 11.5259 648
50.1823 10.8986 436
50.5587 10.5916 649
50.377 11.4613 650
49.997 10.466 651
50.0748 10.9875 652
50.4251 10.5689 454
50.264 10.751 510
50.5648 11.7298 653
50.1988 9.75016 654
50.4919 10.8029 655
50.4724 10.4208 288
50.4255 11.1992 656
50.154 12.5761 657
50.2233 9.87676 658
50.3889 9.91956 659
50.3211 9.65646 660
50.1915 10.4372 661
49.9197 10.2026 662
50.2357 11.6985 401
50.2674 9.95686 663
50.45 10.5753 664
50.1376 9.27396 92
50.5188 10.903 665
49.9027 10.4075 666
50.268 9.83896 667
50.4954 10.9006 668
50.0588 10.8717 669
50.6202 10.4514 670
50.5957 10.9797 671
50.212 10.5351 36
50.1753 10.3233 274
50.1605 11.1664 672
50.0512 9.38826 673
50.1928 10.1342 674
50.1791 12.2675 675
50.0563 11.3598 676
50.5611 10.6035 677
50.23 9.77586 678
50.2422 10.6385 451
50.1873 11.3433 258
50.083 10.2378 679
50.1995 10.7634 31
49.9477 9.34416 680
50.1189 10.47 681
50.4816 10.1472 682
50.2876 10.1319 683
50.4466 9.97546 20
50.5711 10.0306 684
50.2763 10.4707 685
50.1298 10.2905 686
49.8643 12.2757 687
50.0567 12.9726 688
50.0201 9.80896 689
50.3446 9.80316 690
49.9836 9.79426 691
50.2686 11.7671 692
50.0404 10.3955 693
50.1616 11.3997 694
50.1944 11.2222 695
50.3079 10.8803 696
49.9743 11.4697 697
50.1841 10.5973 698
50.0604 11.3625 676
50.3191 10.5067 699
50.1668 11.4719 700
50.0773 10.5072 701
50.254 11.4367 702
50.0145 10.2949 703
49.9657 11.6509 704
50.4737 10.7175 705
50.5056 10.3455 706
50.2164 8.83016 707
50.655 10.3211 708
50.4595 11.3118 709
49.8836 10.9713 710
49.9654 11.4218 711
50.6636 10.6009 712
50.4581 10.0209 713
50.3959 10.4616 22
50.185 10.9022 436
50.179 11.7483 714
50.0839 10.9587 715
50.1784 10.9408 716
50.1749 10.9512 717
50.5128 9.81306 718
50.0144 10.878 636
50.3679 10.9865 719
50.4193 10.3779 720
50.5209 10.4363 721
50.08 11.4887 722
49.9987 10.4574 651
49.9348 11.4384 723
50.3252 9.56366 724
50.243 10.2398 225
50.2297 9.71046 207
50.3462 11.0507 725
50.3924 10.642 726
50.3539 10.1891 727
50.4919 8.84386 728
50.1507 10.113 729
50.3054 10.3503 378
50.0352 9.95246 730
49.973 11.1602 731
50.4653 11.2458 732
50.1509 9.61946 733
50.0507 9.13136 734
50.3441 9.10786 735
50.0778 12.1673 736
50.391 9.04036 737
50.0782 9.84346 738
50.5821 9.92546 739
50.4438 10.2158 740
50.2248 12.0612 741
50.0472 9.69226 742
49.8476 9.59136 743
50.0274 9.68296 744
50.2474 9.96396 745
50.3672 10.4756 746
50.1427 12.6705 747
50.2285 11.4035 748
50.1547 11.4802 749
50.1512 10.0835 750
50.3007 10.1467 751
50.4736 10.5569 752
50.2229 11.8177 753
50.221 10.3549 754
50.1516 9.39556 755
50.4347 11.5844 756
50.0958 10.969 390
50.4996 10.0418 757
50.1835 11.1543 758
50.1543 10.2077 759
50.2369 9.30886 760
50.0855 10.1561 761
49.8836 10.5493 762
50.1757 9.25636 763
50.4905 11.0007 764
50.2824 10.6733 765
49.9423 13.0249 766
50.0245 9.87226 767
50.3079 10.2958 768
50.1576 9.82746 769
50.253 9.05976 770
49.9471 10.6279 771
50.2241 11.1169 13
50.0299 11.817 772
50.2853 10.7297 232
50.1375 12.4942 773
49.8795 10.6027 774
50.3514 11.1773 644
50.2383 9.47676 775
50.1782 11.6687 776
49.9819 11.9981 777
50.3214 11.41 778
49.7915 9.85476 779
50.4671 11.5238 780
50.2191 10.7446 781
50.3877 10.604 782
49.9584 9.26736 783
50.475 9.01886 784
50.3269 10.7277 785
49.9191 11.0468 786
50.0853 9.14446 787
50.4736 10.8053 788
50.0031 11.168 789
50.1618 10.753 111
49.9556 9.65516 790
50.3222 9.03176 791
50.5452 11.2707 792
50.1998 12.3874 793
50.1655 10.485 794
50.4095 11.3317 795
50.1273 7.89666 796
50.2819 12.0303 797
50.0621 10.67 798
50.2236 11.6889 799
50.2492 11.1374 800
50.4573 8.97636 801
50.2774 10.6016 802
50.1182 11.8284 529
50.3178 10.6398 803
50.2467 11.2647 804
50.0032 11.452 805
50.363 8.20416 806
50.1297 10.4209 807
50.4359 10.9068 808
50.2118 11.6049 809
50.2836 10.4538 84
50.314 12.3794 810
50.2354 11.1017 811
50.3159 12.4604 812
50.2302 10.1324 363
50.4974 8.98376 813
50.1911 10.2947 561
50.6044 10.6107 814
50.4141 9.73696 815
50.1684 10.2206 816
50.2334 10.6196 817
50.4814 10.2555 818
50.0978 10.0325 115
50.2771 11.5086 819
50.1024 9.24456 820
50.0443 10.969 821
50.7085 11.9487 822
50.385 10.0181 823
50.4146 10.0023 824
50.1429 10.3931 825
50.0042 8.95216 826
50.2435 9.18726 311
50.3247 11.3042 827
50.2223 9.75676 828
50.1962 11.3053 829
50.0348 11.3879 830
50.617 9.62456 831
49.8961 9.61916 832
50.414 12.1687 833
49.9831 9.85456 834
50.1144 9.96376 835
50.1769 9.86946 836
50.4543 11.2607 837
50.4034 9.58386 838
50.4026 10.2287 839
50.0787 10.867 840
50.3135 10.4188 841
50.6438 11.9178 842
50.0725 9.12986 843
50.4547 10.0488 844
50.0356 9.52856 845
50.3541 9.90006 846
50.2159 11.0423 847
50.1227 9.29616 848
50.3605 10.6553 849
50.6714 11.0218 850
50.3322 8.56636 851
50.2242 10.9306 852
50.6154 9.24476 853
50.4582 12.1051 854
50.3239 9.96926 188
50.1667 11.6767 855
50.3494 10.1407 856
50.3827 11.5217 857
50.2908 10.1731 858
50.2263 10.1239 363
50.2066 12.2906 859
50.2301 10.2642 860
50.0216 11.7387 861
50.2549 11.565 862
50.2214 10.7647 863
50.4504 10.88 864
50.267 8.82416 865
50.4785 9.34846 866
50.3664 8.92776 867
50.2432 11.6082 868
50.3397 9.94326 869
50.2216 10.3516 754
50.0997 10.0761 870
50.1736 11.167 871
50.3908 10.4633 22
50.3628 8.84136 872
50.0045 9.54166 873
50.1467 10.1542 257
50.0678 10.7209 874
50.3195 9.95536 875
50.7783 11.7678 876
50.1037 9.19966 877
50.3531 10.3048 878
50.0735 10.9029 879
50.2378 10.1936 880
50.1228 10.709 881
50.0042 10.7199 882
50.2094 10.7522 883
50.3174 9.23136 884
50.1469 9.87296 885
49.9283 11.1557 886
50.1268 10.6997 887
50.148 10.2734 888
50.1938 10.6476 889
50.1418 10.1837 890
49.9395 11.0398 891
50.4365 10.3051 892
50.3542 10.5329 178
49.9985 9.92656 893
49.9506 11.2015 894
50.3732 9.18186 895
50.4194 10.8518 896
49.8548 10.5222 897
49.8224 10.3715 898
50.012 12.0349 899
50.0251 11.3358 900
50.1382 9.24516 901
50.329 10.9764 902
50.3144 9.24586 903
50.2263 11.2592 904
50.2835 8.63656 905
50.1312 9.99086 906
50.2933 10.499 907
50.4084 9.41236 908
49.9 11.1622 909
49.9179 9.21706 910
50.2495 8.51676 911
50.2688 9.74306 912
50.1667 11.0287 520
49.9078 9.91636 913
50.2996 9.80366 914
50.1173 11.1259 915
50.0259 10.2574 916
50.1931 11.3291 917
50.2451 10.1937 880
50.5931 10.2215 918
50.3441 10.4013 919
51.2892 10.0518 920
49.6098 10.6633 921
51.6696 10.7194 922
48.5173 10.5912 923
51.6645 10.6154 924
49.5518 10.4863 925
50.4677 10.6027 926
50.1527 10.3106 278
50.8541 10.5539 927
49.9538 10.2395 928
49.385 10.5287 929
52.0104 10.2408 930
51.1557 10.3364 931
49.7581 10.5119 932
50.9419 10.5476 933
50.2941 10.3041 934
50.5396 10.0385 935
50.4563 10.8654 936
50.475 10.6689 937
51.5073 10.6006 938
49.1477 10.4328 939
50.646 10.7911 940
51.3959 10.5085 941
49.7319 10.4074 942
49.7295 10.8748 943
52.0682 10.5401 944
49.2887 10.5906 945
49.6067 10.6493 946
48.7391 10.7597 947
49.5759 10.5156 948
49.7099 10.665 949
49.2046 10.4895 950
50.003 10.5304 951
49.504 10.4648 952
49.0666 10.486 953
50.2459 10.459 954
50.8173 10.2312 955
49.116 10.4971 956
49.4123 10.4814 957
49.5585 10.677 958
51.2214 10.2485 959
50.0889 10.419 960
50.2747 10.3795 961
49.7054 10.4873 962
50.1244 10.2913 686
50.0765 10.4578 963
50.8294 10.4862 964
50.7908 10.6372 965
50.7585 10.6319 966
50.6942 10.3337 967
49.6508 10.3742 968
51.8903 10.6083 969
48.6053 10.4927 970
50.9053 10.5218 971
49.6675 10.4213 972
49.2537 10.5551 973
51.3251 10.5372 974
49.7461 10.4608 975
49.9872 10.4099 976
50.4164 10.5849 977
50.557 10.1014 978
49.3731 10.3829 979
49.7221 10.6208 980
50.8144 10.5338 981
49.9435 10.1078 460
49.9107 10.2115 982
49.429 10.309 983
49.2087 10.8105 984
49.2602 10.3893 985
52.303 10.5258 986
51.2399 10.4944 987
50.8485 10.5967 988
49.6897 10.5589 989
51.1612 10.4839 990
50.0851 10.7233 991
49.8484 10.7719 992
51.8716 10.6556 993
50.5521 10.5595 994
53.0831 10.7041 995
51.4864 10.4302 996
50.7156 10.3867 997
49.1644 10.2927 998
49.696 10.4286 999
50.7701 10.0556 1000
51.7844 10.396 1001
51.5287 10.531 1002
51.0816 10.6319 1003
49.7282 10.5397 1004
51.8061 10.4382 1005
50.6154 10.4697 1006
49.4501 10.4597 1007
50.6783 10.6977 1008
49.5879 10.5867 1009
50.1251 10.7889 190
50.2936 10.6329 1010
49.6232 10.4236 1011
51.0647 10.4994 1012
50.4089 10.457 1013
49.8827 10.403 1014
50.164 10.2399 1015
51.1113 10.728 1016
50.9738 10.6475 1017
50.5745 10.678 1018
50.2581 10.3747 1019
51.9596 10.4373 1020
50.7521 10.5671 1021
50.4084 10.794 1022
50.7535 10.4935 1023
50.9423 10.2515 1024
53.1673 10.0814 1025
49.3383 10.5302 1026
50.5462 10.3763 1027
49.936 10.7628 1028
51.1552 10.4772 990
48.369 10.7406 1029
49.7641 10.3787 1030
51.8599 10.5265 1031
50.3623 10.2937 1032
51.5343 10.2418 1033
50.9687 10.4165 1034
50.0042 10.4266 1035
48.2639 10.6536 1036
51.5597 10.583 1037
49.7475 10.6533 1038
50.5999 10.6475 1039
50.4436 10.5633 664
51.4391 10.7574 1040
48.8472 10.3883 1041
50.2433 10.4567 954
49.0434 10.8315 1042
50.727 10.649 1043
51.3373 10.7964 1044
51.2731 10.2092 1045
50.3639 10.7694 1046
51.2248 10.5712 1047
52.3976 10.4385 1048
50.5879 10.6716 1049
50.0142 10.4314 210
49.7216 10.2853 1050
50.7207 10.4 1051
51.2526 10.449 1052
49.8217 10.2371 1053
51.0155 10.6452 1054
48.854 10.6075 1055
50.7821 10.3515 1056
52.0555 10.6416 1057
50.435 10.6383 1058
52.0151 10.456 1059
47.8318 10.6579 1060
49.0458 10.3796 1061
50.6104 10.2561 1062
49.2983 10.5734 1063
49.4622 10.4833 1064
50.7576 10.2261 1065
49.0131 10.4567 1066
51.0401 10.4381 1067
51.4015 10.1412 1068
50.5133 10.8234 1069
51.2365 10.4954 987
49.7954 10.7813 1070
49.5763 10.7782 1071
51.5311 10.63 1072
50.7893 10.5299 1073
50.9757 10.4818 1074
50.9587 10.5794 1075
50.3492 10.5996 1076
51.1741 10.6711 1077
49.8574 10.5057 1078
51.2469 10.4374 1079
52.6732 10.349 1080
51.0629 10.4836 1081
50.5922 10.3802 1082
49.4625 10.5329 1083
51.6394 10.3288 1084
51.5938 10.5034 1085
51.17 10.4515 1086
49.2462 10.6283 1087
50.4614 10.5506 1088
51.6654 10.7228 922
49.9339 10.7177 1089
52.2383 10.2505 1090
50.9221 10.6312 1091
49.6873 10.4537 1092
50.8163 10.535 981
49.841 10.6871 1093
49.8546 10.7753 992
51.6104 10.4283 1094
50.8458 10.4129 1095
49.8552 10.2049 1096
51.1069 10.3196 1097
50.3225 10.4893 1098
50.8023 10.506 1099
50.0323 10.5908 1100
49.9154 10.6929 1101
50.7247 10.2329 1102
49.2421 10.8162 1103
50.7862 10.7686 1104
48.6676 10.5059 1105
51.2192 10.3852 1106
50.375 10.3821 1107
50.0973 10.5795 152
50.3726 10.8041 1108
49.3774 10.7501 1109
51.5152 10.5926 1110
51.6571 10.7947 1111
49.3545 10.5888 1112
50.0338 10.4186 1113
49.284 10.3596 1114
51.571 10.5685 1115
51.3951 10.7736 1116
50.6235 10.2085 1117
52.2306 10.5561 1118
50.4092 10.4568 1013
50.6037 10.3949 1119
49.4806 10.1811 1120
51.1944 10.3977 1121
50.241 10.5293 1122
50.3695 10.6375 1123
50.8511 10.6571 1124
50.1892 10.2107 1125
51.8583 10.3261 1126
50.7075 10.239 1127
51.2797 10.7112 1128
50.7818 10.6201 1129
50.9865 10.5549 1130
50.5646 10.7196 1131
48.813 10.5181 1132
51.2806 10.2504 1133
50.3693 10.5057 1134
50.8121 10.7867 1135
49.879 10.4937 1136
49.9566 10.1534 1137
50.886 10.5407 1138
49.9026 10.1645 1139
49.4481 10.5657 1140
49.1554 10.6598 1141
49.7075 10.3397 1142
50.3945 10.2984 1143
51.4967 10.6979 1144
49.6297 10.3779 1145
49.9661 10.4293 1146
49.3682 10.4601 1147
50.6914 10.4177 1148
48.6888 10.6224 1149
49.1512 10.6349 1150
50.6799 10.2477 1151
49.9154 10.4707 1152
49.9571 10.327 1153
51.0544 10.4376 1154
48.8474 10.3337 1155
50.5114 10.6975 1156
51.9795 10.3186 1157
49.7973 10.5541 1158
49.4945 10.7607 1159
50.042 10.7166 1160
50.5632 10.9917 1161
49.6188 10.5765 1162
50.0314 10.4749 1163
50.7279 10.5683 1164
49.6777 10.4093 1165
50.1157 10.7004 1166
48.7378 10.3474 1167
49.5854 10.6954 1168
49.9125 10.349 1169
50.1519 10.5784 1170
50.1403 10.2752 888
49.5771 10.5266 1171
49.0391 10.5399 1172
51.6379 10.4423 1173
47.7019 10.6342 1174
50.0744 10.2512 203
51.4553 10.2015 1175
49.089 10.347 1176
50.323 10.5787 1177
49.9018 10.6116 1178
50.6258 10.3583 1179
50.1374 10.6069 1180
51.1201 10.5634 1181
50.8593 10.3266 1182
51.2339 10.6432 1183
49.7847 10.5815 1184
49.4651 10.6473 1185
48.7613 10.5138 1186
49.1287 10.4314 1187
50.5668 10.3422 1188
49.4058 10.8185 1189
50.2177 10.4629 1190
50.7069 10.7618 1191
50.8598 10.3844 1192
49.0433 10.822 1042
48.8758 10.4964 1193
50.4087 10.467 1194
51.4488 10.3177 1195
48.3681 10.4569 1196
50.1105 10.2223 1197
48.3633 10.5286 1198
50.3053 10.6145 1199
50.2116 10.2995 1200
51.6611 10.3079 1201
50.6307 10.2901 1202
50.217 10.5255 1203
51.1615 10.3413 931
50.875 10.5768 1204
50.4391 10.3113 892
51.0262 10.6 1205
50.259 10.5102 1206
50.6667 10.6797 1207
50.9368 10.5871 1208
50.3747 10.3771 1107
49.8121 10.4624 1209
51.0081 10.3441 1210
50.1193 10.3313 1211
50.4575 10.4238 1212
50.5857 10.6681 1049
50.0442 10.2956 1213
51.4317 10.5998 1214
49.1269 10.4861 1215
48.4877 10.6379 1216
49.8252 10.6377 1217
49.9954 10.6128 1218
49.8638 10.3991 1219
48.9111 10.3049 1220
50.4622 10.7339 1221
50.2738 10.7762 1222
50.2082 10.774 1223
50.6736 10.333 1224
49.5085 10.8527 1225
49.303 10.5254 1226
50.6563 10.4144 1227
50.309 10.4501 1228
50.8992 10.2817 1229
50.2407 10.6424 451
50.1081 10.1724 1230
51.0817 10.5439 1231
50.884 10.3354 1232
50.4668 10.7532 1233
50.6273 10.5029 1234
50.6579 10.5255 1235
49.9022 10.8022 1236
50.0653 10.4964 1237
50.2369 10.3583 1238
49.1317 10.4689 1239
48.7829 10.5447 1240
48.6032 10.6953 1241
51.2648 10.5559 1242
50.8071 10.0833 1243
52.1865 10.4675 1244
51.2693 10.2357 1245
49.7145 10.3222 1246
50.8013 10.5334 1247
48.7612 10.7491 1248
51.1468 10.4565 1249
51.5889 10.4883 1250
50.5131 10.7943 1251
51.6462 10.7448 1252
49.9468 10.3045 286
50.0294 10.6278 1253
49.845 10.3494 1254
48.1657 10.2313 1255
49.0848 10.2761 1256
50.4458 10.9554 1257
49.9791 10.8625 1258
50.7461 10.5747 1021
48.1569 10.6076 1259
51.2105 10.8504 1260
49.9645 10.6659 1261
51.9269 10.3683 1262
50.5679 10.4996 1263
49.7429 11.1705 1264
50.9764 10.3939 1265
49.8952 10.4163 1266
49.3426 10.6429 1267
51.5925 10.2016 1268
50.7778 10.7786 1269
50.6277 10.4448 670
51.6359 10.2911 1270
48.8567 10.5249 1271
50.3931 10.2906 1143
49.6743 10.3104 1272
51.1908 10.3454 1273
50.9661 10.4136 1034
51.8235 10.6802 1274
50.4923 10.2846 1275
50.0809 10.4631 963
51.8005 10.2745 1276
49.4415 10.3508 1277
50.1945 10.4893 524
48.9062 10.5721 1278
50.2587 10.7108 1279
49.6092 10.2076 1280
50.5886 10.7045 1281
50.2903 10.5723 1282
51.4614 10.3997 1283
50.9627 10.3253 1284
50.6514 10.4656 1285
50.5057 10.6751 1286
49.9618 10.5774 1287
50.1439 10.329 108
50.0646 10.6212 1288
49.1095 10.6826 1289
48.5016 10.7501 1290
48.5003 10.5099 1291
49.5711 10.4991 1292
49.1425 10.6648 1293
50.8891 10.2338 1294
49.0394 10.364 1295
49.7606 10.2241 1296
50.5351 10.4353 1297
49.6992 10.7508 1298
49.2799 10.4935 1299
49.9672 10.5457 1300
49.0845 10.149 1301
48.978 10.3537 1302
50.3355 10.5139 1303
49.0743 10.2688 1304
51.1782 10.8638 1305
49.631 10.4911 1306
49.0788 10.4057 1307
50.0938 10.4874 1308
51.1597 10.4008 1309
50.8935 10.0519 1310
51.4492 10.5125 1311
47.9319 10.791 1312
50.0465 10.5018 1313
49.344 10.6621 1314
49.9951 10.3876 1315
50.8742 10.129 1316
51.4985 10.5158 1317
50.9515 10.484 1318
49.4906 10.5256 1319
51.0673 10.4238 1320
51.829 10.8113 1321
50.4905 10.8213 1322
50.5009 10.8289 1323
50.3971 10.5579 290
50.586 10.316 1324
50.5063 10.5332 1325
49.5371 10.5299 1326
51.1667 10.8446 1327
50.0754 10.3912 301
49.7771 10.5887 1328
50.8936 10.3456 1329
50.5515 10.7014 1330
51.1242 10.4484 1331
48.9451 10.851 1332
50.2276 10.4605 1333
51.1984 10.4467 1334
50.5888 10.6714 1049
49.1135 10.7272 1335
50.4213 10.4757 1336
49.8374 10.3012 1337
51.1092 10.328 1097
50.8355 10.6603 1338
50.8804 10.4986 1339
49.016 10.3761 1340
50.1303 10.3128 1341
49.9397 10.2709 351
51.4279 10.6506 1342
49.8674 10.4219 1343
50.7458 10.4839 1344
49.5169 10.7401 1345
50.3796 10.1667 1346
50.8623 10.728 1347
51.2297 10.6706 1348
51.7382 10.5661 1349
51.1098 10.5871 1350
50.2474 10.368 1351
50.0168 10.4357 210
50.4354 10.2454 1352
48.6879 10.3691 1353
49.7042 10.4759 1354
50.2013 10.7081 608
49.6262 10.4695 1355
49.2036 10.5032 1356
51.0488 10.4328 1154
48.6564 10.4581 1357
50.8299 10.3192 1358
51.1209 10.8545 1359
52.697 10.5692 1360
48.5931 10.4706 1361
49.1392 10.5707 1362
49.9144 10.5273 1363
48.9681 10.2082 1364
49.8984 10.5222 1365
51.117 10.5582 1181
50.0578 10.7399 1366
49.8625 10.6128 1367
50.4851 10.5121 1368
50.1391 10.399 825
50.3094 10.3533 378
50.6435 10.5521 1369
50.8024 10.6231 1370
49.4 10.6282 1371
48.8924 10.318 1372
50.1851 10.3578 1373
50.586 11.0265 1374
49.9853 10.4696 236
51.2329 10.3414 1375
49.928 10.5211 633
49.9552 10.6262 771
51.8652 10.493 1376
48.9255 10.4529 1377
49.7281 10.6554 1378
49.4049 10.4088 1379
51.0818 10.6962 1380
51.7032 10.1809 1381
49.0763 10.4094 1307
50.9264 10.6573 1382
49.9291 10.362 1383
49.1877 10.5315 1384
51.2382 10.6975 1385
49.2589 10.5096 1386
52.8537 10.3868 1387
50.286 10.3926 1388
50.4929 10.4818 1389
50.1104 10.668 1390
50.0269 10.3643 1391
50.8032 10.5046 1099
50.3915 10.4678 22
49.0788 10.5165 1392
49.5734 10.2386 1393
50.314 10.5032 699
50.5281 10.6361 1394
47.411 10.4965 1395
49.5766 10.9226 1396
49.5856 10.4496 1397
50.895 10.7496 1398
49.8567 10.4951 1399
49.7185 10.4981 1400
50.6174 10.7971 1401
50.1729 10.4246 1402
51.8388 10.5271 1403
50.2763 10.3852 961
49.5452 10.7574 1404
48.9804 10.5269 1405
50.6661 10.549 1406
50.1165 10.3315 1211
50.0819 10.605 1407
51.0466 10.5639 1408
51.1743 10.5033 1409
50.8771 10.3244 1410
49.798 10.5544 1158
50.7412 10.4986 1411
51.4198 10.4407 1412
49.7001 10.5901 1413
50.9443 10.424 1414
51.2505 10.4007 1415
50.7301 10.1678 1416
50.2665 10.5783 1417
51.1731 10.6434 1418
51.432 10.5418 1419
50.5803 10.5319 1420
51.0379 10.4414 1067
50.9393 10.5274 1421
50.0521 10.3644 393
50.5218 10.5367 1422
49.1834 10.4029 1423
49.7092 10.573 1424
49.9694 10.2552 1425
51.0872 10.5205 1426
49.9748 10.1974 1427
50.6559 9.9993 1428
49.2562 10.2969 1429
50.3155 10.8021 1430
49.9851 10.67 1431
50.8593 10.6681 1432
51.2223 10.6954 1433
50.779 10.5185 1434
50.6508 10.2761 1435
49.6904 10.4331 999
50.7585 10.7759 1436
49.9917 10.5446 1437
50.8287 10.4395 1438
49.2162 10.3946 1439
50.4727 10.9033 1440
53.0257 10.5005 1441
49.6217 10.2178 1442
48.8073 10.462 1443
50.9642 10.4252 1034
50.284 10.6661 765
51.3788 10.4096 1444
50.6371 10.2993 1445
49.3473 10.8092 1446
50.3938 10.497 1447
51.0293 10.3183 1448
51.1712 10.6411 1418
51.7945 10.1845 1449
48.7465 10.5017 1450
50.4741 11.0907 37
51.1567 10.4391 1451
49.9562 10.7179 1452
49.279 10.366 1114
51.0029 10.1508 1453
50.336 10.4875 1454
49.135 10.0929 1455
49.844 10.4497 1456
50.5038 10.4923 1457
51.261 10.4698 1458
50.143 10.1407 186
50.7627 10.1863 1459
49.4566 10.2192 1460
48.4364 10.5396 1461
50.2087 10.3745 1462
48.3051 10.6469 1463
50.2034 10.5284 1464
50.9029 10.5143 971
50.1632 10.8352 227
50.0578 10.6355 1465
50.9081 10.4207 1466
50.8642 10.5699 1467
49.6755 10.4366 1468
51.3701 10.4754 1469
52.1539 10.4013 1470
50.2238 10.5896 1471
49.5793 10.4224 1472
49.5293 10.5725 1473
49.3578 10.6991 1474
50.2412 10.2831 1475
51.6103 10.4095 1476
49.0981 10.4325 1477
50.0511 10.432 1478
50.6876 10.2942 1479
49.7083 10.4123 1480
50.8767 10.3483 1481
47.8918 10.5529 1482
49.5663 10.0089 1483
50.5564 10.6107 677
51.6091 10.6703 1484
51.2256 10.7026 1433
51.1203 10.2992 1485
49.4545 10.4553 1007
51.3026 10.5064 1486
50.1767 10.5805 1487
49.1951 10.7335 1488
50.8854 10.6781 1489
49.1436 10.3515 1490
50.992 10.6865 1491
50.1399 10.4235 1492
50.5613 10.3541 1493
49.2489 10.3137 1494
49.9454 10.848 1495
48.3754 10.5783 1496
50.5582 10.5252 1497
49.7002 10.2022 1498
51.3172 10.4113 1499
51.4064 10.3456 1500
49.7541 10.4497 1501
49.1474 10.4351 939
50.3359 10.3214 1502
48.4918 10.6111 1503
50.5395 10.4877 580
48.7058 10.1071 1504
50.0368 10.7994 1505
49.1501 10.4165 1506
49.3298 10.4642 1507
49.8978 10.357 1508
49.1087 10.4892 1509
51.368 10.4733 1469
50.4525 10.4242 1212
50.2963 10.5062 907
52.2849 10.6829 1510
50.2452 10.2118 229
49.9259 10.8566 1511
51.0534 10.6429 1512
50.9327 10.2697 1513
49.8992 10.4701 1514
49.2636 10.8389 1515
49.0156 10.1375 1516
50.4321 10.461 1517
50.0475 10.3331 1518
48.1854 10.8421 1519
50.8688 10.3653 1520
50.0143 10.4416 210
50.5243 10.6057 1521
51.3244 10.59 1522
50.0088 10.3602 1523
53.0231 10.71 1524
49.9108 10.7446 1525
48.659 10.5572 1526
49.7052 10.3102 1527
50.0339 10.5331 1528
51.9074 10.5581 1529
52.1826 10.7677 1530
51.3797 10.7176 1531
50.8182 10.2062 1532
49.8605 10.7265 1533
48.3214 10.5781 1534
49.7576 10.5052 932
49.9396 10.4236 1535
49.4231 10.4306 1536
49.2278 10.584 1537
49.6857 10.7246 1538
50.5054 10.3515 706
50.7197 10.3963 1051
50.1401 10.5597 1539
50.9768 10.7905 1540
49.3913 10.4796 1541
50.4312 10.6498 1542
49.6494 10.9212 1543
49.9303 10.6686 1544
48.2194 10.4758 1545
51.301 10.4615 1546
50.0073 10.2538 1547
50.1115 10.2489 1548
50.7192 10.6122 1549
50.9132 10.4435 1550
50.139 10.7564 1551
49.1947 10.6954 1552
50.1178 10.5631 1553
50.4589 10.5556 1088
50.1783 10.7923 1554
49.3173 10.4857 1555
50.2064 10.8177 1556
50.1167 10.5004 1557
50.557 10.4646 1558
48.8686 10.6502 1559
49.4591 10.5921 1560
49.3988 10.5861 1561
48.9872 10.7814 1562
49.7558 10.5059 932
51.0837 10.2587 1563
49.7894 10.44 1564
51.1916 10.3743 1565
49.617 10.3895 1566
49.8128 10.6366 1567
51.2066 10.3163 1568
50.096 10.3398 1569
52.8818 10.503 1570
50.4839 10.2739 1571
50.3329 10.2881 1572
50.9101 10.4195 1466
49.9679 10.3253 1573
50.5868 10.5229 1574
48.0434 10.4492 1575
50.5549 10.2785 1576
50.7642 10.4899 1577
49.3409 10.5627 1578
52.0736 10.6956 1579
50.5542 10.3658 1580
50.2814 10.3203 538
49.1469 10.6324 1150
51.3631 10.7231 1581
49.8534 10.6882 1582
50.379 10.3668 69
49.9861 10.2591 1583
50.5252 10.5577 1584
49.0975 10.3388 1585
50.0463 10.4115 1586
51.1681 10.4558 1086
50.3307 10.3488 1587
50.9004 10.3603 1588
49.4983 10.487 1589
50.6756 10.3884 1590
49.0651 10.5102 1591
49.1707 10.3066 1592
50.2701 10.5434 1593
52.0691 10.8925 1594
50.3403 10.3753 1595
50.3321 10.5282 1596
49.5956 10.4284 1597
50.7912 10.7472 1598
50.8314 10.5034 1599
50.2578 10.266 1600
50.3572 10.3998 1601
49.4448 10.3687 1602
50.0307 10.4406 1603
50.1403 10.7447 1604
51.3553 10.5575 1605
50.088 10.7752 1606
49.7396 10.6721 1607
49.7981 10.6583 1608
50.9988 10.424 1609
49.7651 10.3476 1610
51.3072 10.6161 1611
50.2183 10.5224 1203
49.5042 10.4113 1612
48.6509 10.6313 1613
51.3481 10.4584 1614
51.303 10.4917 1486
50.8068 10.6356 1615
51.1034 10.1847 1616
50.0241 10.7459 1617
51.5309 10.6945 1618
49.9959 10.7802 1619
50.5509 10.4672 1558
48.3628 10.4353 1620
50.0726 10.4031 301
48.4963 10.6574 1621
50.0894 10.5466 1622
49.7149 10.3754 1623
49.2055 10.3342 1624
49.3836 10.4699 1625
51.0254 10.713 1626
49.7606 10.3742 1030
50.7462 10.2635 1627
49.5419 10.4491 1628
49.2425 10.4702 1629
50.4398 10.6189 1630
51.3378 10.5861 1631
50.6772 10.4846 1632
50.897 10.4128 1633
50.1975 10.4361 661
49.676 10.5559 1634
50.3073 10.5684 1635
50.3656 10.7009 1636
49.5509 10.7421 1637
50.3427 10.5811 1638
49.2364 10.2405 1639
50.4846 10.3362 1640
51.063 10.6735 1641
49.9977 10.6667 231
51.0198 10.5776 1642
50.1883 10.6126 1643
48.6815 10.9149 1644
50.589 10.5353 1420
48.8389 10.5916 1645
50.6921 10.6391 1646
49.34 10.571 1578
50.8578 10.5759 1467
51.1166 10.8578 1359
49.8296 10.4655 1647
49.9389 10.3821 1648
48.8091 10.2353 1649
50.4975 10.6099 1650
51.325 10.4105 1499
51.0034 10.6086 1651
51.9994 10.3744 1652
49.3411 10.4928 1653
50.7129 10.431 1654
51.3352 10.3742 1655
48.9783 10.855 1656
50.516 10.3859 47
49.1585 10.586 1657
51.6057 10.6357 1658
49.9805 10.236 1659
49.7654 10.5356 1660
49.2651 10.4574 1661
49.6837 10.8123 1662
49.9134 10.7813 1663
51.0782 10.3605 1664
51.1855 10.6159 1665
49.9859 10.7809 1666
50.298 10.3576 469
50.6316 10.6361 1667
48.907 10.1296 1668
50.4278 10.5143 1669
50.9852 10.5463 1130
48.9913 10.4004 1670
51.3597 10.3878 1671
50.0267 10.6068 1672
50.6098 10.6775 1673
50.5708 10.1528 1674
50.0749 10.1223 598
49.7627 10.169 1675
50.8131 10.3682 1676
49.7817 10.3391 1677
50.063 10.5664 1678
47.9918 10.4157 1679
51.2866 10.4295 1680
49.7794 10.1632 1681
49.4327 10.5124 1682
50.4044 10.675 1683
49.012 10.5625 1684
49.5574 10.5589 1685
50.3147 10.82 1686
49.6622 10.6944 1687
49.6843 10.8497 1688
48.2114 10.4961 1689
50.3156 10.6619 1690
49.532 10.4803 1691
50.1201 10.448 267
49.5903 10.5854 1009
49.2027 10.6041 1692
50.8471 10.5827 1693
49.7003 10.5731 1424
50.1988 10.639 889
49.8959 10.3391 1694
49.935 10.4261 1535
49.2196 10.334 1695
51.2328 10.3418 1375
50.7706 10.7575 1696
49.2798 10.2773 1697
49.0476 10.4632 1698
51.844 10.5698 1699
49.5231 10.4581 1700
49.3386 10.5513 1701
49.6446 10.2968 1702
49.8808 10.4484 1703
51.7231 10.1231 1704
50.1437 10.202 1705
50.2377 10.7534 1706
51.0646 10.1824 1707
49.4284 10.6652 1708
49.8006 10.4893 1709
49.9174 10.064 1710
50.8835 10.6192 1711
50.9143 10.2588 1712
48.9927 10.2933 1713
50.0246 10.6944 1714
49.7911 10.6941 1715
49.863 10.2984 1716
49.8362 10.2092 1717
48.5054 10.3262 1718
49.8573 10.5536 1719
50.8451 10.3465 1720
51.0494 10.3977 1721
49.2003 10.5472 1722
49.8797 10.5004 1136
50.5025 10.6071 1650
49.3955 10.3495 1723
52.4916 10.314 1724
49.5991 10.385 1725
48.9342 10.597 1726
51.6097 10.3887 1727
49.3067 10.7018 1728
49.8726 10.6412 1729
50.2059 10.6732 1730
51.3024 10.5001 1486
50.173 10.508 173
49.3225 10.7463 1731
50.003 10.6206 17
49.5385 10.3648 1732
50.6772 10.5024 1733
49.4579 10.4984 1734
50.3672 10.5496 1735
51.2072 10.553 1736
49.3119 10.7357 1737
49.1558 10.5089 1738
49.7637 10.5754 1739
49.7241 10.4599 1740
49.3212 10.8026 1741
49.5222 10.5341 1742
50.5144 10.5515 1743
49.173 10.5857 1744
49.1769 10.2698 1745
50.2771 10.541 1593
49.1557 10.6394 1150
50.5008 10.3508 706
50.1438 10.5323 1746
51.3901 10.453 1747
50.6235 10.4825 1748
50.4253 10.324 1749
49.0139 10.4342 1750
50.5014 10.5352 1325
51.2109 10.4696 1751
52.0633 10.7932 1752
49.966 10.7681 1753
50.1192 10.7295 1754
50.6945 10.4888 1755
50.4047 10.1913 1756
50.6389 10.521 1757
51.2247 10.3827 1106
50.3949 10.7924 1758
49.6431 10.5942 1759
50.57 10.5736 1760
51.1346 10.6189 1761
49.5071 10.5435 1762
48.2167 10.6729 1763
49.3015 10.564 1063
49.9013 10.5291 1365
48.8231 10.6415 1764
48.9241 10.2373 1765
49.9187 10.3581 1766
50.8859 10.2454 1767
50.6872 10.5942 1768
49.7269 10.7216 1769
50.7677 10.4875 1577
50.2678 10.4477 1770
50.5093 10.6102 1650
50.0599 10.7467 1366
50.2594 10.4459 1770
50.4503 10.5663 664
50.4693 10.7845 1771
50.6235 10.3721 1772
51.3122 10.1713 1773
51.8177 10.3098 1774
51.5794 10.6212 1775
51.4164 10.6708 1776
49.5949 10.4984 1777
49.7874 10.7925 1778
50.9825 10.1368 1779
49.895 10.3692 1780
49.1287 10.394 1781
50.6386 10.5653 1782
49.9754 10.5768 1783
48.9474 10.4756 1784
48.955 10.4753 1784
47.9853 10.6476 1785
50.9738 10.5029 1786
49.1619 10.4989 1787
50.7821 10.6953 1788
51.9459 10.3518 1789
50.884 10.5484 1138
50.8163 10.6757 1790
51.1129 10.7085 1791
49.6791 10.3287 1792
49.589 10.3981 1793
50.4712 10.4426 1794
EM algorithm
2000
50.3726 10.9118 3
50.189 11.1657 1
50.0634 10.2916 2
50.3055 11.1917 1
50.1286 10.9094 5
50.0332 11.7303 1
50.3759 12.0007 1
50.1934 10.2203 2
50.2291 12.9206 1
50.3595 11.0999 3
50.0481 10.2005 2
49.8728 12.882 1
50.196 11.893 1
50.0214 11.0256 5
50.2003 9.9276 2
50.2702 10.6264 5
49.8821 10.5383 4
49.9836 10.8514 5
50.2602 9.2589 2
50.1041 11.9958 1
50.3897 9.4153 2
50.4251 12.17 1
50.3299 9.8553 2
50.133 11.1692 1
50.181 10.7644 5
50.1504 10.6945 5
49.834 10.1062 2
50.5808 9.1704 2
50.0153 9.4519 2
50.1612 9.7565 2
50.4683 10.1155 2
50.3068 10.3527 2
50.4102 9.9095 2
50.1801 9.6658 2
50.1936 11.4081 1
50.2259 12.4242 1
50.1989 11.1717 1
50.1537 11.6068 1
50.5251 9.4506 2
50.2111 8.6673 2
49.8937 11.337 1
49.7583 10.0491 2
50.598 10.6825 3
50.2567 10.5639 5
50.538 11.2594 3
50.2197 9.1192 2
50.2486 13.0023 1
50.4337 9.9553 2
50.239 10.9211 5
50.4002 11.1625 3
50.3523 10.005 2
50.3177 10.5165 0
50.1433 9.241 2
50.1942 10.2627 2
50.1613 10.1286 2
50.1642 10.6704 5
50.1134 11.2217 1
50.1577 8.9434 2
50.0555 10.7156 5
50.3572 11.7521 1
50.2092 9.7379 2
50.2868 9.5985 2
50.5315 11.1634 3
50.3075 9.7376 2
50.3231 10.7545 5
50.0594 11.2069 1
50.1121 11.0432 5
50.0682 10.2476 2
50.2381 10.2694 2
50.3111 11.604 1
50.1474 11.6329 1
50.1039 10.1918 2
50.2722 12.1344 1
50.0955 10.1644 2
50.1017 10.9603 5
50.0017 8.82 2
50.1036 10.0843 2
50.1589 10.1633 2
50.3545 9.5899 2
50.1423 10.4025 2
50.0886 10.9476 5
50.3439 9.3184 2
50.2432 10.5618 5
50.0351 9.5437 2
50.0513 10.7643 5
50.3375 7.8104 2
50.1383 10.8195 5
50.2818 10.193 2
50.2482 11.381 1
50.2445 10.9337 5
50.551 10.5927 0
50.0123 10.6125 5
50.3601 11.3837 1
50.1714 9.9033 2
49.9638 11.4472 1
50.2467 10.8864 5
50.4067 9.2558 2
50.2376 9.8825 2
50.122 9.7627 2
50.4162 10.9695 3
50.3009 10.9118 5
50.1448 10.6954 5
50.2895 10.7265 5
49.9155 11.3308 1
50.1761 11.3042 1
50.6529 10.2546 2
50.1344 11.1827 1
50.01 10.3053 2
50.3608 10.6418 3
50.0979 10.2195 2
50.3224 12.7001 1
50.2061 10.0368 2
50.4701 10.305 2
50.2413 9.8893 2
50.3313 10.9441 3
50.321 10.3487 2
50.5221 11.0817 3
50.0085 10.885 5
50.2979 10.5135 0
50.4847 10.039 2
50.4153 10.462 0
50.4967 10.121 2
50.0918 9.728 2
50.1792 12.0978 1
50.0318 10.5033 5
50.4187 10.5589 0
50.1353 10.5602 5
50.3235 10.9301 3
50.3287 10.8438 5
50.3784 10.8476 3
50.3075 10.7768 5
50.3884 10.9835 3
50.0735 9.6283 2
50.2192 10.0884 2
50.2375 9.3257 2
50.42 10.4822 0
50.2069 9.7605 2
50.1126 10.5251 5
50.0312 9.0551 2
50.2371 10.4001 2
50.2702 9.8982 2
50.3867 9.5412 2
50.5329 11.6144 3
50.2619 8.8131 2
50.2921 8.8238 2
49.876 10.1773 2
50.2459 10.8615 5
50.3135 10.675 3
50.003 9.0897 2
50.2711 9.227 2
50.116 8.3828 2
50.2481 11.0473 5
50.3164 11.2068 1
50.0315 11.5105 1
49.8684 10.5445 4
50.0413 10.6528 5
49.8874 9.2317 2
50.0313 10.2383 2
50.2934 10.8461 5
50.0903 9.4107 2
50.1556 10.292 2
50.1768 11.5928 1
50.2724 9.7484 2
50.0735 11.9928 1
50.117 10.6361 5
50.3489 12.1086 1
50.2729 10.0718 2
49.9653 9.8077 2
50.3732 11.3107 3
49.8692 10.3205 2
50.0318 9.7421 2
50.3571 10.192 2
50.2393 11.284 1
50.212 10.9615 5
50.0749 10.9132 5
50.5635 9.6199 2
50.2814 10.0258 2
50.2025 10.7168 5
50.0228 9.0726 2
50.005 9.6359 2
50.0519 9.7553 2
50.3483 9.871 2
50.3255 9.0645 2
50.1453 11.6226 1
50.2894 10.0681 2
50.0536 10.7635 5
50.317 10.0248 2
49.9355 11.4199 1
50.3065 12.3273 1
50.1094 10.7846 5
50.1869 9.8141 2
50.0988 10.5326 5
50.4623 12.0865 1
49.8638 9.4212 2
50.106 10.514 5
50.0897 11.5285 1
49.9057 9.9208 2
50.4079 9.0193 2
50.4446 10.2823 2
50.2391 10.1844 2
50.1657 9.9264 2
50.4405 10.7943 3
50.0861 11.0607 5
50.3252 10.2383 2
50.0927 9.1273 2
50.3353 8.8986 2
50.4237 11.5795 1
50.1151 10.9422 5
50.3052 11.8548 1
50.2169 9.9594 2
50.2794 10.9002 5
50.2602 11.479 1
50.0825 11.5083 1
50.5292 11.8793 1
49.9715 8.5829 2
50.2417 10.181 2
50.2311 9.8845 2
50.5794 9.8042 2
50.03 9.8547 2
50.2708 10.95 5
50.2332 9.7797 2
50.3798 8.9323 2
49.9772 10.1775 2
50.7075 9.3713 2
50.1075 10.2795 2
49.7719 9.4863 2
50.2927 10.9168 5
50.2789 10.0729 2
50.2591 11.0329 5
50.7169 10.2851 2
50.1483 10.9013 5
49.9535 8.6015 2
50.3267 11.1074 3
50.0301 10.7041 5
50.1862 10.8475 5
50.2564 10.1989 2
50.2648 9.2158 2
49.8355 10.2947 2
50.3574 11.612 1
50.2274 11.9895 1
50.3459 10.7118 3
50.1889 9.1639 2
50.3851 9.8857 2
50.2671 12.0936 1
49.9883 10.2954 2
50.2377 11.4894 1
50.0362 11.249 1
50.1403 9.451 2
49.8635 10.6438 5
49.958 9.1919 2
50.3471 9.7958 2
50.1633 9.7853 2
50.3956 10.3301 2
50.2545 11.096 1
50.1229 11.2367 1
50.2611 10.0125 2
49.9867 11.4588 1
50.0254 10.2236 2
50.2826 10.3357 2
50.3472 9.6993 2
50.3177 9.1477 2
50.1375 10.9564 5
50.2337 11.8949 1
50.3517 10.5356 0
50.0155 10.7697 5
50.4122 10.8124 3
50.3735 10.7985 3
50.4397 11.3807 3
50.2622 9.2388 2
50.2759 8.8405 2
50.2562 11.809 1
50.4079 11.0948 3
49.8921 9.2018 2
50.0626 10.7634 5
50.0283 10.7019 5
50.2621 10.0491 2
50.2184 9.3308 2
50.589 10.6868 3
50.4319 11.4035 3
50.4548 10.7044 3
50.2654 11.7832 1
50.0976 9.6329 2
50.3763 11.1288 3
50.3854 11.0724 3
50.1256 10.1789 2
50.1929 11.1622 1
50.1358 9.7114 2
50.4785 10.9607 3
50.1858 10.8435 5
50.3774 9.6156 2
50.2031 10.9864 5
50.1435 10.9686 5
50.2779 10.7124 5
50.3047 10.2238 2
49.9349 11.2563 1
50.3883 10.0373 2
50.1873 10.9777 5
50.0922 8.8826 2
50.1696 11.5462 1
50.1599 11.5129 1
50.1367 10.5329 5
50.3116 10.4487 2
50.3152 11.5579 1
50.2967 10.1857 2
50.3256 10.8602 5
50.2637 10.6387 5
50.2275 10.6226 5
50.2528 11.2028 1
50.1328 10.3485 2
49.9071 11.6969 1
50.2477 9.9873 2
50.2154 10.6962 5
50.3511 11.035 3
50.1566 9.4481 2
50.1026 10.7751 5
50.19 9.7103 2
50.266 9.8037 2
50.031 9.4511 2
50.0718 10.3846 2
50.2615 9.1375 2
50.361 10.652 3
50.4565 11.8622 1
49.9435 9.9686 2
49.8482 10.774 5
49.6908 9.9916 2
50.6868 10.8475 3
50.3051 10.3566 2
50.0177 10.6523 5
50.1836 10.2611 2
50.3282 10.1247 2
50.3111 11.1851 1
50.0623 11.8585 1
50.1812 12.3305 1
49.976 12.1566 1
50.2299 9.2289 2
50.4298 9.8935 2
50.0246 9.8909 2
50.518 11.1232 3
50.2065 11.3998 1
50.2811 11.3775 1
49.9671 11.4692 1
50.2454 9.0488 2
50.1685 11.2879 1
49.9821 11.8017 1
50.3432 9.4942 2
50.4218 10.602 3
50.3029 10.456 2
50.287 12.4545 1
50.0296 8.6508 2
49.888 12.2921 1
50.4105 11.237 3
50.0846 11.0235 5
50.2921 9.266 2
50.2346 8.5654 2
50.3308 10.7417 3
50.1029 11.3269 1
50.2595 9.2437 2
49.9621 10.9744 5
50.2562 11.2652 1
50.1141 11.1743 1
50.0515 9.8563 2
50.0673 11.3948 1
50.1578 11.4958 1
50.4683 9.72 2
50.041 10.2797 2
50.4009 10.1458 2
50.1241 10.0132 2
50.2257 11.5648 1
49.7677 11.1772 1
50.5658 10.9262 3
50.1344 10.313 2
50.6537 11.9823 3
50.5046 9.7917 2
50.15 11.6148 1
50.1884 7.9643 2
50.1017 10.0988 2
50.3493 10.4098 2
50.3876 9.5368 2
50.0242 11.2697 1
50.408 10.2032 2
50.2249 9.7309 2
50.1331 9.7005 2
50.3019 10.3504 2
50.2374 10.9156 5
50.1694 10.0183 2
49.9117 11.062 5
50.2197 11.0536 5
50.3918 8.7191 2
50.356 11.0334 3
50.4434 10.1313 2
50.4326 9.3326 2
50.328 11.0442 3
50.3774 11.6055 1
50.3717 10.9582 3
50.2191 10.6756 5
50.2062 10.7845 5
50.6629 9.0064 2
50.6521 10.3145 2
50.3494 8.536 2
50.4547 10.2803 2
50.024 11.7456 1
50.1984 10.7122 5
50.166 12.4425 1
50.4054 11.6199 1
50.5034 10.2918 2
50.0389 10.748 5
50.1544 10.3833 2
50.221 12.8056 1
50.1831 11.2029 1
50.1908 9.8782 2
50.2889 10.1056 2
50.2722 10.0022 2
50.225 11.3472 1
50.4 9.7879 2
50.3732 9.9272 2
50.2334 9.9458 2
50.4048 11.3842 3
50.2414 10.8638 5
50.106 11.5863 1
50.2097 9.768 2
49.974 10.0978 2
50.1737 11.4175 1
50.2555 10.0018 2
50.1338 11.5619 1
50.1108 10.8096 5
49.8697 10.1494 2
50.4495 9.226 2
50.1527 10.5625 5
50.3094 10.7147 5
50.1918 10.3146 2
49.9607 11.6438 1
50.1609 10.2567 2
50.4755 11.4245 3
50.4452 10.2018 2
50.3169 9.2793 2
50.0208 11.7665 1
50.1221 9.826 2
49.9359 10.8304 5
50.6391 9.1352 2
50.1594 10.0011 2
50.3334 10.1843 2
50.2098 11.1682 1
50.6549 10.3309 2
50.4525 11.9734 1
50.0561 11.949 1
50.4296 10.3676 2
49.8852 10.6653 5
50.2116 10.6002 5
50.3353 11.4253 1
50.1814 10.923 5
50.0911 11.2206 1
50.3591 8.1244 2
50.2307 9.1095 2
50.2909 10.2309 2
50.5346 12.4568 1
50.2419 10.1354 2
50.258 9.6394 2
50.4187 9.6951 2
50.1275 9.9986 2
50.3274 9.2763 2
50.2497 10.1304 2
50.5076 10.3509 2
50.4915 10.2531 2
50.2181 10.1797 2
50.0145 10.4037 2
50.1577 9.0471 2
49.9966 10.489 4
49.8887 11.4453 1
50.3517 10.764 3
50.0788 9.6988 2
50.0592 11.0919 5
49.7905 11.3101 1
50.1151 9.948 2
50.2671 10.2022 2
50.4601 11.263 3
50.0784 10.3341 2
50.0797 11.6372 1
50.415 9.655 2
50.2351 10.4944 0
50.2692 9.9936 2
49.9856 11.0618 5
50.2822 10.4009 2
50.3369 12.002 1
50.158 10.6601 5
50.1493 10.3617 2
50.2537 10.1164 2
50.3359 10.6356 3
49.9204 10.1959 2
50.1513 9.391 2
50.2439 11.8245 1
50.0307 10.6629 5
49.8892 9.3612 2
50.389 9.2586 2
49.974 9.0733 2
50.6696 10.7605 3
50.1076 9.869 2
50.1234 11.175 1
50.3054 10.8172 5
50.1507 11.6948 1
50.2157 11.3029 1
50.1197 10.6899 5
50.3609 9.5766 2
50.2242 11.8108 1
50.3561 10.208 2
50.1555 11.9115 1
50.4551 10.8621 3
50.5265 9.9166 2
49.9377 9.4092 2
50.1793 9.5622 2
50.0836 10.0626 2
50.3308 10.1678 2
49.9612 10.5028 4
50.2566 10.1332 2
50.0085 12.2852 1
50.1618 10.903 5
50.0762 10.192 2
50.128 10.6567 5
50.2294 10.6268 5
50.0986 10.0866 2
50.5201 10.4222 2
50.41 10.9926 3
50.3657 9.7328 2
50.2937 10.7246 5
50.4314 10.2119 2
50.244 10.5135 3
50.4426 10.9091 3
50.2214 12.7526 1
50.494 10.8148 3
50.19 10.7136 5
50.2479 11.3014 1
50.0856 10.2225 2
50.0384 10.4184 2
50.1543 9.1555 2
50.5119 8.7327 2
50.4684 12.0269 1
50.1553 8.3505 2
49.8459 10.1501 2
50.0883 9.7412 2
50.6807 10.6486 0
50.2674 10.1386 2
50.1258 11.4613 1
50.1166 10.9816 5
50.0097 9.5827 2
50.3927 10.6332 3
49.8535 10.4905 4
50.298 9.7924 2
50.4924 9.4689 2
50.0662 9.9485 2
50.3518 11.2023 3
50.0857 10.5798 5
49.9053 10.2953 2
50.333 10.3191 2
50.3118 11.4109 1
50.1754 8.5601 2
50.316 11.1855 1
50.0105 9.9845 2
49.816 10.8149 5
50.0363 12.3043 1
50.1173 9.3362 2
50.5207 10.6031 0
50.2329 10.0633 2
50.0948 10.9425 5
50.2649 9.6316 2
50.2986 10.3398 2
50.5946 11.1489 3
50.301 10.8011 5
50.1425 10.2667 2
50.0983 12.0531 1
50.3973 9.6802 2
49.9377 10.8533 5
50.1663 10.939 5
50.3186 10.4126 2
50.4497 10.2134 2
50.0349 10.0081 2
50.6174 9.6572 2
50.4067 10.5026 0
49.9779 10.7634 5
50.1191 9.7636 2
50.3551 10.3512 2
50.18 12.4422 1
50.0013 10.0444 2
50.3782 9.4896 2
49.7478 10.3306 2
50.1613 11.6046 1
50.1642 9.5074 2
50.3419 12.3544 1
50.1237 11.2912 1
50.0875 11.641 1
50.036 12.2051 1
50.0131 11.5171 1
50.0757 10.2239 2
50.1032 9.4707 2
49.8962 9.9925 2
49.9282 11.8956 1
50.0438 10.9278 5
50.3693 10.5646 3
50.2281 9.4701 2
50.279 9.7199 2
50.2076 9.4273 2
50.3305 8.5865 2
50.3852 9.167 2
50.2353 9.7366 2
50.0693 9.0149 2
50.2769 12.2011 1
50.2453 9.6613 2
50.0209 10.4934 4
49.9997 10.2309 2
50.6584 10.0069 2
50.096 10.7065 5
50.3002 10.4235 2
50.2729 9.1745 2
50.3562 11.1567 3
50.2477 8.4884 2
50.2409 11.1446 1
50.375 8.8367 2
50.1012 10.1051 2
49.9964 10.8461 5
50.2559 8.3338 2
50.1704 8.6938 2
50.2826 11.5536 1
50.0499 11.8222 1
50.1491 12.0687 1
50.2076 11.3734 1
50.5202 9.6206 2
50.1899 11.7179 1
50.1281 11.0115 5
50.1357 12.2492 1
50.0253 11.2416 1
50.2932 9.5482 2
49.6906 10.1838 2
50.4732 11.5906 3
50.4117 9.6109 2
50.1053 10.4208 2
50.1286 10.5036 5
50.351 12.1736 1
50.7731 11.0414 3
49.8513 10.647 5
50.2245 11.4811 1
50.2692 11.1772 1
50.2372 11.4503 1
49.9181 11.8652 1
50.3516 11.1264 3
50.1817 11.4462 1
50.5318 11.1057 3
50.0819 8.6197 2
50.3713 10.7152 3
50.1313 10.3064 2
50.5175 10.9292 3
49.9283 10.0838 2
50.2817 10.197 2
50.1207 11.1627 1
49.9015 9.6688 2
50.2514 11.5164 1
50.4413 9.3969 2
50.3361 12.195 1
50.2665 10.1096 2
50.0019 12.1965 1
50.4502 9.7935 2
50.0592 10.0312 2
49.8595 9.0269 2
50.1135 10.2786 2
49.9963 9.0502 2
50.0586 9.855 2
50.001 12.9099 1
50.0092 11.4465 1
50.2384 10.5872 5
50.1462 11.534 1
50.0936 9.431 2
50.2158 12.8996 1
50.2756 11.9125 1
50.3609 11.5759 1
50.2731 10.028 2
50.1214 10.9232 5
50.2862 10.2563 2
50.0594 9.5948 2
50.2468 11.87 1
50.2645 8.863 2
50.3038 10.9641 5
49.9682 11.2364 1
49.9723 9.9808 2
50.0672 12.3697 1
50.2158 10.8372 5
50.105 11.2122 1
50.2141 9.8833 2
50.3622 10.8646 3
50.3094 10.0279 2
50.0879 9.5421 2
49.9951 9.9313 2
50.386 10.031 2
50.011 9.5016 2
50.0428 11.4574 1
50.2854 9.9643 2
50.1378 12.0762 1
50.0333 9.4325 2
50.0592 9.6737 2
50.2724 11.5405 1
49.9274 10.5502 5
50.1043 10.8802 5
50.239 10.567 5
49.902 10.3518 2
50.3504 9.8051 2
50.2 9.7354 2
50.063 9.6412 2
50.2837 10.8091 5
50.5133 10.1882 2
50.3297 10.2031 2
50.3303 9.665 2
50.3232 10.593 3
50.1472 9.9733 2
50.2809 11.1641 1
50.2162 10.6401 5
50.1934 10.9896 5
50.2565 11.1472 1
49.9352 11.2096 1
49.8138 10.6594 5
50.1624 11.4182 1
49.9786 9.7613 2
50.3107 12.1391 1
50.3969 9.9073 2
50.2617 9.0097 2
50.1482 10 2
50.1207 9.0634 2
50.5793 10.3127 2
50.2484 9.7498 2
50.0359 10.6992 5
50.0575 9.9365 2
50.1666 10.8684 5
50.3857 12.0458 1
50.4543 8.5863 2
50.0285 10.307 2
50.2684 11.2363 1
50.132 10.5401 5
50.446 9.5165 2
50.3542 10.546 3
50.4235 11.1889 3
50.0743 10.6866 5
50.2195 9.7283 2
50.3461 10.1715 2
50.3314 9.2855 2
50.1194 8.4241 2
50.3376 11.3651 1
50.0267 7.6347 2
50.1619 10.6338 5
50.4329 10.1154 2
50.3318 11.1283 3
50.111 10.8857 5
50.4423 10.1827 2
50.4371 9.7302 2
50.2072 8.7695 2
50.3174 12.0849 1
49.9475 11.1804 1
50.2332 9.4312 2
50.107 10.8697 5
50.1711 13.3934 1
50.2957 11.6058 1
50.3762 8.8486 2
50.0203 10.2017 2
50.4251 9.5437 2
50.1273 8.8737 2
50.3681 10.1466 2
50.2537 10.9574 5
50.3046 10.1148 2
50.4986 9.741 2
50.4068 10.7829 3
50.075 11.801 1
50.1108 9.4862 2
49.9381 10.896 5
49.8173 9.7434 2
50.0983 11.7642 1
50.2674 11.2425 1
50.1494 9.6432 2
50.1171 10.2636 2
50.1886 11.4096 1
50.3707 9.9437 2
50.5993 9.1082 2
50.0401 10.5334 5
50.2348 10.5293 5
50.4894 10.0691 2
49.8378 9.6696 2
50.0978 11.4591 1
49.9846 11.4953 1
50.4684 11.1849 3
50.1893 11.7778 1
50.25 10.3911 2
50.1231 10.0095 2
50.1971 9.1863 2
50.2905 11.3435 1
50.2492 9.6515 2
49.7451 9.864 2
50.3573 10.1801 2
50.2412 10.3394 2
50.3081 9.6837 2
50.1751 9.5548 2
50.0038 9.7683 2
50.0691 10.2663 2
49.9889 11.7657 1
50.3392 12.3181 1
50.1657 11.2472 1
50.0346 11.3773 1
49.9346 10.9878 5
49.952 11.3693 1
50.0806 10.9551 5
50.1533 8.9217 2
50.3484 10.237 2
49.9151 11.2964 1
49.9973 10.2173 2
50.4075 9.7274 2
50.3473 10.0197 2
49.9076 10.1071 2
50.0615 10.5965 5
50.111 10.2356 2
50.1129 10.6291 5
50.1869 9.333 2
50.3225 10.4281 2
50.1679 11.5233 1
50.0679 10.8874 5
50.4664 10.8029 3
50.4885 10.7854 3
50.3566 11.0479 3
50.1716 10.9486 5
50.2221 10.2008 2
50.179 11.2286 1
50.0931 10.7079 5
50.4524 11.0059 3
50.222 9.3373 2
50.2735 9.935 2
50.2761 10.2437 2
50.1996 11.1799 1
50.1184 11.2772 1
50.2243 9.2215 2
50.4439 10.1783 2
50.2245 12.3362 1
50.0795 11.0701 5
50.366 10.729 3
50.2971 10.1678 2
49.8309 9.2936 2
50.3782 11.6912 1
50.0938 11.3454 1
50.1202 10.5556 5
50.0416 11.1507 1
50.1309 10.6351 5
50.3781 11.1569 3
50.1081 11.181 1
50.3821 11.265 3
50.4773 11.094 3
50.1941 9.5144 2
50.1955 10.4271 2
50.349 11.0175 3
50.1374 11.4656 1
50.2825 11.1013 1
49.8514 10.1061 2
49.8845 9.3736 2
50.3046 9.628 2
50.041 11.6099 1
50.2878 9.9689 2
50.105 11.5378 1
50.2374 10.6456 5
50.2521 8.9739 2
50.3861 9.4577 2
50.2669 9.4842 2
50.1507 9.9592 2
50.1414 9.8586 2
50.4166 10.091 2
50.3981 10.4269 2
50.1439 12.2833 1
50.1858 10.9143 5
50.0477 8.5688 2
50.0529 10.1015 2
50.2111 9.283 2
50.1985 10.3704 2
50.1927 10.794 5
50.4186 9.141 2
50.1193 11.1604 1
50.1488 9.1854 2
50.292 10.3002 2
50.1644 11.8079 1
50.1493 11.6592 1
49.8564 10.2628 2
50.1927 9.7353 2
50.3821 8.5326 2
50.1915 11.2264 1
50.3129 10.7751 5
50.0352 9.9678 2
49.9763 10.1497 2
50.1868 9.5296 2
50.2719 9.9076 2
50.2077 9.9576 2
50.0025 10.1435 2
49.9997 9.3369 2
49.9418 9.9097 2
50.1472 11.3012 1
50.0552 10.8595 5
50.2738 9.5285 2
50.3354 11.3317 1
50.1895 9.1465 2
50.1049 11.4725 1
50.2059 10.9639 5
50.3064 8.9859 2
50.0754 10.6819 5
50.4353 9.7004 2
50.2347 10.6055 5
50.136 11.8518 1
50.1505 10.8494 5
50.091 9.4092 2
50.1763 10.4363 2
50.5091 10.2164 2
50.6407 12.4563 1
50.1601 11.0457 5
50.119 10.04 2
50.0757 10.2917 2
50.234 9.5905 2
50.3281 9.7156 2
50.7375 9.4386 2
50.4126 8.7765 2
50.012 12.2281 1
50.4457 8.9371 2
49.9912 11.3171 1
50.3731 11.7568 1
50.3345 9.0036 2
50.3252 10.3345 2
50.193 11.5352 1
50.5551 10.386 2
50.4369 9.472 2
50.2272 9.8686 2
49.8017 10.5519 4
50.1025 10.5421 5
50.0575 9.9164 2
49.9859 11.1612 1
50.1403 10.8072 5
50.2914 11.3204 1
50.1552 11.5996 1
50.192 11.0792 5
50.3008 10.121 2
50.3022 10.1954 2
50.0842 11.6456 1
50.1312 9.8677 2
50.0645 10.9307 5
50.1498 11.2032 1
50.1209 11.2511 1
50.3542 10.0447 2
50.2642 11.4617 1
50.2796 10.6963 5
50.5167 10.7999 3
50.1529 10.875 5
50.3472 9.9061 2
49.997 11.5386 1
50.1702 10.5276 5
49.9591 10.2907 2
50.2406 11.8502 1
50.2744 10.3553 2
50.3182 9.7644 2
50.2927 9.9957 2
50.2884 10.5173 0
50.2253 10.1424 2
50.3249 10.5795 3
50.1403 10.3565 2
50.3686 10.1531 2
50.4673 10.0499 2
50.2267 10.6992 5
50.2625 9.6517 2
50.3764 9.728 2
50.363 9.4132 2
50.2197 10.6715 5
50.5299 11.06 3
50.203 10.5606 5
50.3892 9.9764 2
50.4905 10.6468 3
49.912 11.328 1
50.3861 10.8587 3
50.3592 9.647 2
50.1105 11.0589 5
50.4061 8.8582 2
50.3895 11.2245 3
49.9814 10.6547 5
50.2158 11.3577 1
50.4441 11.4523 3
50.1965 10.0778 2
50.1916 9.7792 2
50.2146 8.4136 2
50.2166 11.2005 1
50.3636 8.2918 2
50.3484 11.778 1
49.7593 10.7994 1
50.1678 12.4309 1
50.2511 10.1576 2
50.5625 11.4268 3
49.8774 11.497 1
50.1235 11.2325 1
50.3773 10.447 2
50.1247 10.6186 5
50.2772 9.9955 2
50 10.0678 2
50.2176 10.4168 2
50.2006 11.3236 1
50.0336 10.6006 5
49.9731 10.444 2
50.3148 10.1144 2
50.2154 10.7251 5
50.1367 11.2243 1
50.1554 10.2191 2
51.2804 10.6826 0
51.9928 10.6798 0
50.5106 10.5008 0
51.1229 10.6186 0
51.1711 10.7055 0
50.53 10.3845 2
51.307 10.3667 0
48.8821 10.375 4
50.2259 10.2237 2
50.8957 10.3391 0
49.3408 10.6477 4
50.2228 10.3949 2
48.851 10.5577 4
49.8597 10.6648 5
50.2537 10.3973 2
49.5323 10.4421 4
49.7494 10.6474 1
50.21 10.3477 2
49.3062 10.74 4
50.8716 10.7101 0
49.1744 10.4739 4
48.9402 10.5021 4
51.7181 10.3237 0
48.5112 10.4268 4
51.3223 10.4571 0
49.049 10.6576 4
49.8839 10.3681 2
50.5529 10.7722 3
50.0328 10.5054 5
50.5406 10.4569 0
48.2479 10.1822 4
49.1367 10.3333 2
51.2409 10.3435 0
49.2981 10.2621 2
50.6834 10.5696 0
50.8316 10.3351 2
47.989 10.5078 4
49.3789 10.509 4
48.9206 10.3474 4
50.5326 10.6362 3
51.2141 10.3773 0
50.0559 10.543 5
50.0118 10.4443 2
49.7305 10.1603 2
50.98 10.7436 0
51.1865 10.8921 0
50.7265 10.2085 2
51.0638 10.815 0
49.169 10.4959 4
50.7386 10.4068 0
49.4822 10.299 2
49.778 10.4793 4
50.5395 10.3986 2
51.4521 10.616 0
51.2053 10.3156 0
48.4136 10.5491 4
51.793 10.3572 0
49.7035 10.4331 2
50.4245 10.6174 3
49.2807 10.8198 4
50.2235 10.3861 2
50.4949 10.5946 0
48.9998 10.5696 4
49.3157 10.7566 4
50.176 10.4942 5
50.5142 10.4748 0
52.1393 10.4028 0
50.7321 10.43 0
49.4019 10.3739 2
51.3817 10.1106 2
49.9005 10.8056 5
50.1166 10.2694 2
49.5622 10.2934 2
52.0958 10.3185 0
50.9904 10.4462 0
49.2903 10.4265 4
49.5827 10.3741 2
50.7244 10.5577 0
51.0715 10.2543 2
50.5735 10.7208 3
49.6408 10.5456 4
50.6886 10.7347 3
50.5626 10.4791 0
50.0693 10.7421 5
49.523 10.3229 2
49.1895 10.3637 2
50.5739 10.4143 2
50.6491 10.37 2
49.6826 10.4009 2
50.0455 10.449 2
50.0523 10.4709 2
49.6589 10.3497 2
49.274 10.2825 2
48.9171 10.2191 2
49.701 10.4653 4
50.0898 10.5025 5
50.38 10.3319 2
49.8136 10.3078 2
51.1327 10.4089 0
50.7629 10.2476 2
50.2569 10.4216 2
49.4842 10.4557 4
51.057 10.4903 0
48.2783 10.8017 4
51.5859 10.4412 0
47.8301 10.3401 4
50.9515 10.1839 2
50.2569 10.3771 2
51.7217 10.7268 0
50.333 10.3032 2
50.5789 10.5193 0
50.2455 10.4852 2
50.3433 10.4352 2
49.0718 10.5704 4
49.3497 10.4278 4
50.4193 10.3635 2
48.9056 10.1748 2
51.1774 10.6227 0
49.806 10.6382 1
50.2562 10.5366 3
49.4657 10.759 1
49.166 10.2697 2
50.2486 10.2911 2
51.0655 10.3226 0
50.5358 10.8403 3
48.9427 10.2857 2
50.071 10.296 2
50.6805 10.7054 3
50.2626 10.3632 2
49.4711 10.6815 4
49.5118 10.5766 4
50.3293 10.347 2
51.8566 10.4553 0
52.0531 10.4777 0
50.1902 10.7969 5
49.2379 10.6093 4
51.1271 10.5266 0
52.5062 10.3693 0
51.5772 10.4821 0
50.2783 10.3125 2
50.4518 10.5954 3
50.6261 10.5532 0
50.4938 10.3694 2
49.4288 10.5761 4
49.8324 10.5725 4
50.1782 10.8942 5
50.7091 10.4796 0
50.5707 10.4315 0
50.9732 10.5486 0
49.0232 10.6291 4
49.3522 10.6068 4
50.8297 10.3968 0
50.7874 10.6653 0
50.6631 10.4059 0
50.3546 10.2075 2
50.7691 10.1992 2
49.1071 10.5461 4
48.9824 10.0718 2
50.8308 10.754 0
48.5994 10.378 4
51.3564 10.4981 0
52.3724 10.3462 0
49.0203 10.6283 4
49.7321 10.6273 1
50.6684 10.5086 0
48.5765 10.2939 4
52.0245 10.4963 0
49.0491 10.1225 2
49.9977 10.6634 5
49.3909 10.6824 4
51.3981 10.6603 0
49.8408 10.4484 2
51.3632 10.3568 0
51.336 10.3693 0
49.2758 10.59 4
49.6589 10.5775 4
50.4992 10.5559 0
50.9651 10.3402 0
48.4952 10.4203 4
50.1739 10.6317 5
50.9375 10.5024 0
51.0627 10.3321 0
50.1156 10.7738 5
51.5095 10.6524 0
48.6021 10.6999 4
50.1413 10.5435 5
50.2323 10.4134 2
50.6676 10.3847 2
49.7577 10.2755 2
50.0944 10.7643 5
50.0897 10.374 2
50.501 10.4178 2
49.0632 10.4611 4
49.2761 10.816 4
49.371 10.3024 2
50.0553 10.631 5
51.071 10.706 0
50.0303 10.4118 2
49.7598 10.2685 2
49.8455 10.7522 5
49.5707 10.455 4
50.6583 10.0042 2
48.7122 10.4964 4
50.8787 10.4832 0
49.1275 10.5782 4
48.6327 10.4662 4
50.503 10.3577 2
49.4785 10.5074 4
49.9523 10.4714 2
48.9144 10.7367 4
49.9705 10.4029 2
49.3914 10.5024 4
48.9499 10.389 4
50.4312 10.8853 3
51.6801 10.3076 0
50.0508 10.4983 5
49.2406 10.6489 4
48.4493 10.5443 4
51.2941 10.3266 0
50.1003 10.3432 2
48.7394 10.5188 4
50.5938 10.6401 0
49.6479 10.5813 4
48.7851 10.6152 4
51.8589 10.2321 0
49.0921 10.444 4
49.4582 10.3269 2
48.9668 10.3093 2
49.4453 10.6005 4
50.0091 10.6632 5
48.8841 10.1602 2
50.9142 10.6496 0
50.8886 10.3879 0
50.5542 10.4479 0
50.1673 10.6069 5
51.2776 10.5049 0
49.3051 10.4844 4
48.4857 10.4292 4
48.5435 10.3598 4
51.1333 10.749 0
51.0659 10.6785 0
51.1117 10.4239 0
49.3383 10.3813 2
51.7807 10.1817 0
50.5133 10.5468 0
50.136 10.6255 5
49.595 10.4136 2
50.8211 10.6719 0
50.1132 10.6679 5
49.6426 10.5162 4
49.2577 10.694 4
49.9843 10.6659 5
50.1323 10.6395 5
49.684 10.3955 2
51.1436 10.6116 0
51.5647 10.4831 0
49.2661 10.1831 2
50.7135 10.6582 0
48.8877 10.533 4
49.9772 10.4741 2
51.1099 10.5589 0
49.4752 10.6296 4
50.7086 10.5294 0
50.445 10.7127 3
49.7543 10.7538 1
49.7817 10.5407 4
51.6513 10.2997 0
50.7047 10.4698 0
50.6392 10.579 0
50.8382 10.4705 0
49.277 10.1191 2
50.1751 10.389 2
49.8357 10.6403 5
51.2301 10.3142 0
50.8048 10.5285 0
48.4388 10.445 4
50.6148 10.6413 0
52.9765 10.648 0
48.9411 10.6481 4
49.4618 10.307 2
50.9785 10.1992 2
49 10.6957 4
51.1604 10.3688 0
50.7058 10.8761 3
49.4002 10.6172 4
51.1915 10.4744 0
48.6133 10.5724 4
48.852 10.4407 4
48.8469 10.4396 4
49.4386 10.4411 4
48.2958 10.5207 4
50.658 10.5968 0
51.2686 10.6326 0
50.2015 10.6077 5
49.7492 10.2674 2
49.2502 10.7764 4
50.5541 10.6579 3
49.8445 10.7009 5
49.3127 10.1229 2
51.3496 10.5122 0
50.3251 10.1105 2
50.4379 10.4751 0
52.0707 10.6308 0
50.6826 10.3499 2
51.6662 10.6575 0
51.6591 10.2828 0
50.8064 10.5441 0
49.4196 10.5583 4
50.0421 10.5553 5
50.6688 10.5547 0
50.7528 10.5752 0
50.2871 10.3237 2
48.8184 10.2675 2
50.455 10.3294 2
49.62 10.5958 4
50.5747 10.4597 0
50.3158 10.4336 2
50.2388 10.6316 5
49.2357 10.6137 4
48.7851 10.3948 4
51.3427 10.4275 0
50.4064 10.5163 0
49.8821 10.0771 2
49.9831 10.5256 5
51.4324 10.6041 0
50.3998 10.7434 3
50.1203 10.1989 2
49.6532 10.3869 2
49.6753 10.7362 1
49.3246 10.4774 4
51.282 10.3368 0
51.8899 10.4217 0
50.2246 10.7203 5
49.826 10.2469 2
50.3018 10.4275 2
50.5291 10.4179 2
48.9589 10.6963 4
49.87 10.354 2
51.7887 10.8213 0
52.1076 10.3836 0
50.6311 10.6027 0
50.1656 10.4903 2
48.9842 10.5622 4
50.7497 10.4419 0
50.3281 10.5686 3
50.1657 10.5341 5
49.5518 10.5476 4
50.2253 10.6601 5
51.8753 10.105 0
48.7255 10.6225 4
50.8324 10.5004 0
50.9025 10.406 0
50.6436 10.0569 2
51.2932 10.5459 0
48.9499 10.7556 4
49.3669 10.4535 4
50.8127 10.1623 2
49.7738 10.6157 1
50.1259 10.5028 5
51.4166 10.4675 0
50.1823 10.4667 2
49.5853 10.5445 4
50.5356 10.459 0
53.041 10.2727 0
50.783 10.7438 3
49.4361 10.4386 4
51.0747 10.7458 0
50.3595 10.3141 2
50.3617 10.4406 2
48.8706 10.1506 2
50.3931 10.2008 2
49.334 10.2569 2
49.6871 10.5866 4
49.8464 10.3803 2
50.195 10.3283 2
50.6644 10.9353 3
49.7538 10.8447 1
50.3243 10.512 0
50.3634 10.6654 3
50.4933 10.5415 0
49.5414 10.5023 4
49.8537 10.2717 2
49.299 10.4627 4
50.0227 10.5922 5
48.9927 10.4975 4
49.1 10.3809 4
51.5703 10.5945 0
50.3363 10.2848 2
49.883 10.7086 5
48.827 10.6219 4
51.3506 10.6468 0
51.0613 10.6139 0
50.8069 10.7208 0
49.1633 10.5926 4
49.361 10.6834 4
48.3821 10.4078 4
51.5707 10.4164 0
49.8466 10.6265 5
49.8045 10.4087 2
49.3753 10.6775 4
49.5466 10.6485 4
51.5708 9.9135 2
50.7686 10.2342 2
51.4253 10.5215 0
49.6001 10.4563 4
50.6904 10.5785 0
51.1625 10.6195 0
50.1578 10.2807 2
50.5215 10.2963 2
49.6525 10.2436 2
49.6911 10.3851 2
49.2703 10.3288 2
50.601 10.6814 3
49.8161 10.4226 2
49.8091 10.4735 4
49.4072 10.4538 4
49.6343 10.4282 2
50.1248 10.255 2
50.0961 10.6958 5
48.9423 10.5332 4
50.4218 10.6136 3
49.6942 10.2135 2
51.5165 10.4211 0
49.842 10.3858 2
49.4833 10.5103 4
49.3645 10.644 4
49.9695 10.61 5
49.8203 10.3305 2
49.3888 10.6376 4
50.4692 10.5356 0
50.4723 10.628 3
50.6085 10.1627 2
50.7079 10.806 3
50.2902 10.4491 2
49.6067 10.4395 2
50.49 10.5063 0
50.7703 10.7024 0
50.7701 10.401 0
50.1192 10.6392 5
49.5663 10.7429 1
49.5014 10.197 2
50.3545 10.0527 2
51.5569 10.5997 0
50.7228 10.7538 3
50.6258 10.51 0
50.4141 10.6081 3
49.4301 10.3784 2
50.2913 10.8218 5
52.0723 10.5293 0
50.8241 10.7721 3
50.0915 10.3236 2
50.6729 10.422 0
49.9019 10.8205 5
50.4625 10.5807 0
50.5193 10.5671 0
51.6456 10.595 0
49.0059 10.3469 4
52.0553 10.5864 0
50.3267 10.6501 3
50.8013 10.4938 0
49.6183 10.386 2
51.5909 10.2471 0
48.7988 10.6292 4
49.4188 11.0667 1
52.4081 10.3095 0
51.3581 10.2486 0
49.7856 10.0291 2
49.8061 10.5892 4
49.5491 10.511 4
48.9017 10.8556 4
49.3935 10.3657 2
49.0952 10.3852 4
50.8577 10.3107 2
51.1786 10.8647 0
51.138 10.7979 0
50.2551 10.278 2
50.7757 10.3411 2
49.776 10.5908 4
50.9953 10.4129 0
49.9711 10.6945 5
49.5083 10.539 4
49.698 10.8606 1
51.2959 10.6129 0
47.97 10.3059 4
49.9633 10.5525 5
50.4304 10.4199 2
50.0174 10.5385 5
49.1794 10.5961 4
49.8617 10.3031 2
50.178 10.2955 2
50.1059 10.5879 5
52.083 10.4664 0
50.7199 10.6419 0
50.3166 10.8627 5
50.762 10.4697 0
50.6649 10.3857 2
50.4646 10.3227 2
48.8039 10.3036 4
49.7514 10.5533 4
49.5588 10.5582 4
48.3952 10.6302 4
49.848 10.787 5
50.4599 10.2342 2
50.4089 10.5893 3
50.6412 10.2821 2
50.128 10.5135 5
50.821 10.325 2
49.0871 10.7987 4
48.4973 10.5025 4
50.8963 10.6873 0
51.1344 10.4163 0
47.8462 10.3603 4
49.2226 10.2722 2
50.0682 10.5836 5
49.69 10.535 4
51.3399 10.3282 0
50.4024 10.3152 2
48.9642 10.8131 4
50.3868 10.3433 2
50.7111 10.472 0
50.2792 10.8487 5
51.8218 10.3187 0
48.5789 10.2238 4
50.0157 10.4123 2
49.3304 10.7309 4
51.6948 10.3873 0
50.645 10.3022 2
51.1187 10.5418 0
50.8608 10.4175 0
50.4457 10.6879 3
50.1986 10.0749 2
50.5539 10.5191 0
50.4327 10.3774 2
50.5826 10.5508 0
49.7059 10.2663 2
49.9661 10.4086 2
50.5351 10.4431 0
48.8883 10.5145 4
50.7974 10.6927 0
50.8776 10.5585 0
49.3215 10.5757 4
50.5247 10.3002 2
49.3441 10.4191 4
49.2741 10.5428 4
50.6759 10.5341 0
49.0509 10.4712 4
50.0099 10.3584 2
50.3453 10.3412 2
50.289 10.4499 2
50.1832 10.1609 2
49.6362 10.6112 4
49.0208 10.3494 4
49.6535 10.1778 2
50.2845 10.3611 2
50.3744 10.4119 2
51.8199 10.3515 0
49.9991 10.6675 5
51.1986 10.6419 0
48.5086 10.5736 4
48.158 10.5969 4
50.0689 10.4511 2
50.8432 10.4706 0
51.743 10.0638 0
48.9644 10.5115 4
50.473 10.3551 2
51.0554 10.8624 0
50.445 10.5723 0
50.1347 10.726 5
49.1266 10.5211 4
49.57 10.2087 2
50.2084 10.5267 5
49.4549 10.2527 2
51.3785 10.5809 0
49.8345 10.6363 5
49.4654 10.0888 2
51.1681 10.8376 0
49.6945 10.7238 1
51.0826 10.4196 0
50.2924 10.543 3
49.9503 10.7495 5
49.0528 10.4141 4
49.7401 10.3861 2
49.6724 10.7195 1
49.003 10.7251 4
50.3749 10.3068 2
49.605 10.4584 4
51.1136 10.653 0
50.4068 10.4438 2
50.203 10.8221 5
49.1031 10.331 2
48.4643 10.7479 4
52.7743 10.7372 0
49.6964 10.653 1
48.6286 10.1666 2
51.3303 10.7507 0
50.9667 10.5725 0
49.4817 10.4151 2
49.9695 10.4352 2
50.3401 10.4948 0
49.2196 10.6007 4
50.7647 10.6557 0
51.0643 10.4034 0
49.8472 10.7012 5
49.5733 10.289 2
49.2084 10.7353 4
51.2914 10.5958 0
50.4934 10.4109 2
51.1881 10.2114 2
48.9999 10.635 4
50.386 10.4513 2
48.9934 10.4685 4
49.152 10.1582 2
50.679 10.6273 0
49.5366 10.5535 4
49.8168 10.5986 1
49.0562 10.4274 4
48.7905 10.8109 4
49.8745 10.7183 5
50.2219 10.6179 5
51.0479 10.4106 0
51.9196 10.4755 0
50.6025 10.4048 2
50.8656 10.1821 2
50.1994 10.7383 5
51.9535 10.3512 0
50.6344 10.7666 3
50.2735 10.1477 2
50.7698 10.3244 2
50.2605 10.5506 3
48.1 10.2457 4
50.9114 10.5761 0
50.6139 10.3031 2
50.0991 10.7827 5
50.0881 10.4728 2
51.5802 10.4168 0
49.0495 10.601 4
52.1182 10.1404 0
50.4042 10.7857 3
49.6906 10.6402 1
50.558 10.54 0
49.9663 10.4924 4
50.2512 10.3585 2
51.3952 10.3685 0
49.3 10.7271 4
49.7788 10.7514 1
49.261 10.4061 4
49.3487 10.8557 1
49.5186 10.2322 2
49.9114 10.2716 2
50.871 10.5329 0
49.661 10.7725 1
50.3274 10.4252 2
50.5705 10.2275 2
49.7863 10.2048 2
50.6254 10.7625 3
51.2289 10.567 0
48.7935 10.6094 4
50.3536 10.3657 2
51.3767 10.6824 0
49.8664 10.7009 5
50.7179 10.2468 2
49.9867 10.3851 2
49.7608 10.4121 2
48.4129 10.4569 4
51.1964 10.6033 0
49.8722 10.7088 5
51.0038 10.4876 0
50.6162 10.3889 2
51.2469 10.7584 0
51.1244 10.613 0
49.6839 10.2689 2
49.1691 10.5896 4
50.0373 10.5844 5
50.1633 10.4067 2
49.9051 10.625 5
50.2541 10.4714 2
51.8584 10.8169 0
51.113 10.641 0
50.6996 10.6799 0
50.7678 10.5979 0
51.196 10.4626 0
51.071 10.2768 2
48.4546 10.5553 4
49.1839 10.6722 4
50.7859 10.1565 2
49.3896 10.3284 2
50.7084 10.3668 2
50.8114 10.457 0
48.6901 10.5048 4
51.5862 10.7374 0
51.2142 10.4687 0
49.9001 10.4431 2
49.1512 10.6417 4
50.65 10.5649 0
49.6974 10.2519 2
49.8597 10.6279 5
49.3452 10.423 4
51.0977 10.5097 0
50.2186 10.5079 5
49.3219 10.4184 4
50.267 10.6633 5
50.6091 10.4274 0
50.482 10.3949 2
50.0645 10.7265 5
49.4529 10.6772 4
50.4659 10.7348 3
50.2102 10.6381 5
50.2076 10.8803 5
50.5289 10.8558 3
50.9791 10.4816 0
49.2567 10.5275 4
49.3175 10.4686 4
50.2841 10.3366 2
48.8566 10.6408 4
50.4493 10.6096 3
49.6661 10.5121 4
50.2283 10.1834 2
49.9051 10.3089 2
50.6423 10.6595 0
49.2127 10.3862 4
51.7922 10.3796 0
49.6575 10.4187 2
50.4792 10.3276 2
49.4929 10.9267 1
50.6537 10.4035 0
50.2185 10.9188 5
49.7664 10.6623 1
49.9947 10.6352 5
51.3057 10.1872 2
50.8024 10.4131 0
49.9125 10.4433 2
50.1696 10.6672 5
49.3677 10.7331 4
51.4549 10.5337 0
50.3754 10.4755 0
49.4618 10.2884 2
49.5046 10.4743 4
49.6625 10.7354 1
50.2528 10.8654 5
48.4106 10.418 4
51.147 10.0787 2
49.9472 10.5211 4
50.4632 10.3054 2
52.4171 10.2731 0
49.8975 10.3959 2
50.214 10.4313 2
50.2969 10.5229 3
50.0514 10.703 5
50.7225 10.3632 2
49.4196 10.5941 4
50.7673 10.5007 0
49.7256 10.4585 2
50.3789 10.6116 3
49.1456 10.3237 2
48.8546 10.4542 4
49.9892 10.6192 5
50.4663 10.3461 2
51.6027 10.4773 0
49.1489 10.43 4
50.2592 10.7468 5
51.8875 10.256 0
50.6982 10.4599 0
50.168 10.2019 2
49.2865 10.5885 4
50.4272 10.6561 3
51.6861 10.7006 0
49.2186 10.2214 2
49.3191 10.2061 2
50.1137 10.7511 5
49.3767 10.926 1
50.7416 10.4551 0
49.8963 10.6421 5
49.2617 10.5002 4
51.2903 10.5755 0
50.4826 10.3148 2
51.066 10.4008 0
50.6718 10.3139 2
49.7742 10.3151 2
50.7785 10.6027 0
48.9187 10.5265 4
51.5193 10.3779 0
50.1579 10.4435 2
50.5192 10.2045 2
51.3112 10.5876 0
51.5213 10.3468 0
48.9738 10.4521 4
49.1749 10.6311 4
50.1905 10.4879 2
49.6893 10.3842 2
50.1089 10.5141 5
47.8951 10.8888 4
50.676 10.4171 0
51.2054 10.5396 0
49.9144 10.3238 2
48.6367 10.5108 4
49.3045 10.9299 1
51.6352 10.4591 0
49.9141 10.3898 2
52.5903 10.4296 0
52.444 10.7226 0
50.4512 10.836 3
51.4236 10.4726 0
50.0469 10.5421 5
48.9628 10.5357 4
51.8986 10.4527 0
49.1789 10.5512 4
49.3477 10.5459 4
50.0401 10.5706 5
50.5585 10.5127 0
49.4918 10.5738 4
51.2021 10.8354 0
49.3727 10.0586 2
49.9804 10.5974 5
51.5461 10.4863 0
52.3679 10.2988 0
50.2258 10.276 2
49.0872 10.3278 2
50.4945 10.5635 0
51.2926 10.2156 0
49.6317 10.5356 4
51.8372 10.4576 0
49.4625 10.6677 4
50.2414 10.1813 2
51.112 10.5892 0
48.7254 10.2106 2
50.9497 10.1321 2
49.9849 10.0658 2
48.998 10.4196 4
50.4123 10.3089 2
49.1263 10.5055 4
50.6441 10.4886 0
49.8416 10.5234 4
50.9793 10.5719 0
51.361 10.5594 0
49.9267 10.3309 2
50.5076 10.4364 0
50.7743 10.6826 0
50.4032 10.3096 2
50.2954 10.0779 2
51.2873 10.5992 0
50.1601 10.4485 2
50.5522 10.5618 0
51.7873 10.3104 0
49.1252 10.3353 2
50.5281 10.3126 2
50.8278 10.6586 0
49.6562 10.5314 4
51.0282 10.8083 0
49.8515 10.3762 2
51.7344 10.5489 0
51.0394 10.6679 0
50.2894 10.6496 5
50.5861 10.3076 2
50.1308 10.4871 2
49.7746 10.6517 1
48.271 10.565 4
49.8846 10.4886 4
49.1026 10.5006 4
49.895 10.6639 5
49.6278 10.2794 2
50.923 10.6991 0
49.485 10.8357 1
49.8706 10.3388 2
48.9496 10.3216 4
51.5099 10.6857 0
51.2971 10.6881 0
51.5837 10.5891 0
47.9263 10.5155 4
49.4073 10.4793 4
49.0909 10.5653 4
49.2957 10.9002 1
50.7219 10.2613 2
49.2175 10.809 4
49.2524 10.4625 4
50.8867 10.4429 0
49.597 10.4472 4
50.9857 10.513 0
51.289 10.3941 0
50.6276 10.4006 2
51.2688 10.8328 0
49.8896 10.2115 2
50.2568 10.5054 0
50.0879 10.6278 5
50.7825 10.3752 0
50.4525 10.3182 2
49.6298 10.6519 4
50.6423 10.3519 2
49.9497 10.7931 5
50.5237 10.3504 2
51.6523 10.5414 0
50.2429 10.4631 2
48.2614 10.6766 4
52.8913 10.4799 0
49.8726 10.5262 4
49.4551 10.4438 4
50.0119 10.3659 2
51.2204 10.268 0
51.0623 10.5648 0
51.7716 10.3484 0
50.0601 10.6275 5
51.2512 10.6472 0
51.1939 10.6256 0
49.7604 10.5373 4
49.0612 10.4958 4
51.3993 10.6752 0
51.4071 10.7235 0
49.3634 10.4487 4
49.765 10.5217 4
49.8071 10.436 2
50.5227 10.3575 2
50.3079 10.963 5
48.3846 10.273 4
50.2281 10.3749 2
49.5542 10.3927 2
50.2167 10.4375 2
50.1748 10.6888 5
50.7109 10.5282 0
50.2454 10.3132 2
50.719 10.4646 0
50.1706 10.8028 5
51.5379 10.5185 0
52.2976 10.6251 0
50.1224 10.4422 2
48.0659 10.4371 4
51.0305 10.5452 0
48.9483 10.4102 4
50.4563 10.9262 3
51.3185 10.5673 0
51.4016 10.3533 0
48.8082 10.3595 4
50.255 10.3183 2
52.8596 10.5247 0
50.9788 10.3828 0
49.553 10.2806 2
50.6139 10.7292 3
50.9285 10.9233 3
49.6498 10.2669 2
50.4045 10.4152 2
49.8643 10.4828 4
51.4288 10.7449 0
51.4385 10.8247 0
50.2988 10.7605 5
47.993 10.6576 4
50.4035 10.7086 3
48.7033 10.696 4
51.705 10.6224 0
50.2809 10.6316 5
51.6928 10.9118 0
51.5539 10.3975 0
49.3367 10.3422 2
51.0639 10.4118 0
50.3327 10.3819 2
50.5084 10.7791 3
49.4515 10.5846 4
49.8739 10.6783 5
49.9997 10.5428 5
49.445 10.3729 2
50.0615 10.4914 4
50.6871 10.4132 0
51.9218 10.2361 0
51.3565 10.4966 0
50.1484 10.4411 2
49.9277 10.5712 5
50.8547 10.3849 0
48.4393 10.6367 4
51.1741 10.6392 0
51.0872 10.4017 0
49.3586 10.4656 4
50.3117 10.3291 2
51.6532 10.3196 0
50.59 10.4325 0
48.4319 10.4295 4
50.7527 10.8119 3
51.2904 10.409 0
51.7655 10.508 0
50.7976 10.4965 0
51.2551 10.7156 0
49.6273 10.402 2
49.9482 10.6386 5
51.2696 10.2976 0
49.9944 10.5022 4
49.7856 10.4038 2
48.9908 10.3385 4
50.4025 10.5608 3
50.4323 10.9043 3
50.0981 10.6301 5
49.3292 10.5096 4
48.4305 10.5053 4
51.6903 10.487 0
50.2808 10.4578 2
50.0349 10.2774 2
49.0368 10.6857 4
51.1921 10.5027 0
50.0743 10.5375 5
50.5985 10.506 0
50.3793 10.367 2
49.1898 10.4615 4
50.1001 10.3652 2
50.5806 10.5628 0
52.213 10.6521 0
